Start testing: Feb 19 10:28 CET
----------------------------------------------------------
1/56 Testing: EmptyTree.InsertNode
1/56 Test: EmptyTree.InsertNode
Command: "/mnt/c/Users/madal/OneDrive/Рабочий стол/IVS/build/black_box_test" "--gtest_filter=EmptyTree.InsertNode" "--gtest_also_run_disabled_tests"
Directory: /mnt/c/Users/madal/OneDrive/Рабочий стол/IVS/build
"EmptyTree.InsertNode" start time: Feb 19 10:28 CET
Output:
----------------------------------------------------------
Running main() from /mnt/c/Users/madal/OneDrive/Рабочий стол/IVS/build/_deps/googletest-src/googletest/src/gtest_main.cc
Note: Google Test filter = EmptyTree.InsertNode
[==========] Running 1 test from 1 test suite.
[----------] Global test environment set-up.
[----------] 1 test from EmptyTree
[ RUN      ] EmptyTree.InsertNode
[       OK ] EmptyTree.InsertNode (0 ms)
[----------] 1 test from EmptyTree (0 ms total)

[----------] Global test environment tear-down
[==========] 1 test from 1 test suite ran. (0 ms total)
[  PASSED  ] 1 test.
<end of output>
Test time =   0.05 sec
----------------------------------------------------------
Test Passed.
"EmptyTree.InsertNode" end time: Feb 19 10:28 CET
"EmptyTree.InsertNode" time elapsed: 00:00:00
----------------------------------------------------------

2/56 Testing: EmptyTree.DeleteNode
2/56 Test: EmptyTree.DeleteNode
Command: "/mnt/c/Users/madal/OneDrive/Рабочий стол/IVS/build/black_box_test" "--gtest_filter=EmptyTree.DeleteNode" "--gtest_also_run_disabled_tests"
Directory: /mnt/c/Users/madal/OneDrive/Рабочий стол/IVS/build
"EmptyTree.DeleteNode" start time: Feb 19 10:28 CET
Output:
----------------------------------------------------------
Running main() from /mnt/c/Users/madal/OneDrive/Рабочий стол/IVS/build/_deps/googletest-src/googletest/src/gtest_main.cc
Note: Google Test filter = EmptyTree.DeleteNode
[==========] Running 1 test from 1 test suite.
[----------] Global test environment set-up.
[----------] 1 test from EmptyTree
[ RUN      ] EmptyTree.DeleteNode
[       OK ] EmptyTree.DeleteNode (0 ms)
[----------] 1 test from EmptyTree (0 ms total)

[----------] Global test environment tear-down
[==========] 1 test from 1 test suite ran. (0 ms total)
[  PASSED  ] 1 test.
<end of output>
Test time =   0.04 sec
----------------------------------------------------------
Test Passed.
"EmptyTree.DeleteNode" end time: Feb 19 10:28 CET
"EmptyTree.DeleteNode" time elapsed: 00:00:00
----------------------------------------------------------

3/56 Testing: EmptyTree.FindNode
3/56 Test: EmptyTree.FindNode
Command: "/mnt/c/Users/madal/OneDrive/Рабочий стол/IVS/build/black_box_test" "--gtest_filter=EmptyTree.FindNode" "--gtest_also_run_disabled_tests"
Directory: /mnt/c/Users/madal/OneDrive/Рабочий стол/IVS/build
"EmptyTree.FindNode" start time: Feb 19 10:28 CET
Output:
----------------------------------------------------------
Running main() from /mnt/c/Users/madal/OneDrive/Рабочий стол/IVS/build/_deps/googletest-src/googletest/src/gtest_main.cc
Note: Google Test filter = EmptyTree.FindNode
[==========] Running 1 test from 1 test suite.
[----------] Global test environment set-up.
[----------] 1 test from EmptyTree
[ RUN      ] EmptyTree.FindNode
[       OK ] EmptyTree.FindNode (0 ms)
[----------] 1 test from EmptyTree (0 ms total)

[----------] Global test environment tear-down
[==========] 1 test from 1 test suite ran. (0 ms total)
[  PASSED  ] 1 test.
<end of output>
Test time =   0.05 sec
----------------------------------------------------------
Test Passed.
"EmptyTree.FindNode" end time: Feb 19 10:28 CET
"EmptyTree.FindNode" time elapsed: 00:00:00
----------------------------------------------------------

4/56 Testing: NonEmptyTree.InsertNode
4/56 Test: NonEmptyTree.InsertNode
Command: "/mnt/c/Users/madal/OneDrive/Рабочий стол/IVS/build/black_box_test" "--gtest_filter=NonEmptyTree.InsertNode" "--gtest_also_run_disabled_tests"
Directory: /mnt/c/Users/madal/OneDrive/Рабочий стол/IVS/build
"NonEmptyTree.InsertNode" start time: Feb 19 10:28 CET
Output:
----------------------------------------------------------
Running main() from /mnt/c/Users/madal/OneDrive/Рабочий стол/IVS/build/_deps/googletest-src/googletest/src/gtest_main.cc
Note: Google Test filter = NonEmptyTree.InsertNode
[==========] Running 1 test from 1 test suite.
[----------] Global test environment set-up.
[----------] 1 test from NonEmptyTree
[ RUN      ] NonEmptyTree.InsertNode
[       OK ] NonEmptyTree.InsertNode (0 ms)
[----------] 1 test from NonEmptyTree (0 ms total)

[----------] Global test environment tear-down
[==========] 1 test from 1 test suite ran. (0 ms total)
[  PASSED  ] 1 test.
<end of output>
Test time =   0.04 sec
----------------------------------------------------------
Test Passed.
"NonEmptyTree.InsertNode" end time: Feb 19 10:28 CET
"NonEmptyTree.InsertNode" time elapsed: 00:00:00
----------------------------------------------------------

5/56 Testing: NonEmptyTree.DeleteNode
5/56 Test: NonEmptyTree.DeleteNode
Command: "/mnt/c/Users/madal/OneDrive/Рабочий стол/IVS/build/black_box_test" "--gtest_filter=NonEmptyTree.DeleteNode" "--gtest_also_run_disabled_tests"
Directory: /mnt/c/Users/madal/OneDrive/Рабочий стол/IVS/build
"NonEmptyTree.DeleteNode" start time: Feb 19 10:28 CET
Output:
----------------------------------------------------------
Running main() from /mnt/c/Users/madal/OneDrive/Рабочий стол/IVS/build/_deps/googletest-src/googletest/src/gtest_main.cc
Note: Google Test filter = NonEmptyTree.DeleteNode
[==========] Running 1 test from 1 test suite.
[----------] Global test environment set-up.
[----------] 1 test from NonEmptyTree
[ RUN      ] NonEmptyTree.DeleteNode
[       OK ] NonEmptyTree.DeleteNode (0 ms)
[----------] 1 test from NonEmptyTree (0 ms total)

[----------] Global test environment tear-down
[==========] 1 test from 1 test suite ran. (0 ms total)
[  PASSED  ] 1 test.
<end of output>
Test time =   0.04 sec
----------------------------------------------------------
Test Passed.
"NonEmptyTree.DeleteNode" end time: Feb 19 10:28 CET
"NonEmptyTree.DeleteNode" time elapsed: 00:00:00
----------------------------------------------------------

6/56 Testing: NonEmptyTree.FindNode
6/56 Test: NonEmptyTree.FindNode
Command: "/mnt/c/Users/madal/OneDrive/Рабочий стол/IVS/build/black_box_test" "--gtest_filter=NonEmptyTree.FindNode" "--gtest_also_run_disabled_tests"
Directory: /mnt/c/Users/madal/OneDrive/Рабочий стол/IVS/build
"NonEmptyTree.FindNode" start time: Feb 19 10:28 CET
Output:
----------------------------------------------------------
Running main() from /mnt/c/Users/madal/OneDrive/Рабочий стол/IVS/build/_deps/googletest-src/googletest/src/gtest_main.cc
Note: Google Test filter = NonEmptyTree.FindNode
[==========] Running 1 test from 1 test suite.
[----------] Global test environment set-up.
[----------] 1 test from NonEmptyTree
[ RUN      ] NonEmptyTree.FindNode
[       OK ] NonEmptyTree.FindNode (0 ms)
[----------] 1 test from NonEmptyTree (0 ms total)

[----------] Global test environment tear-down
[==========] 1 test from 1 test suite ran. (0 ms total)
[  PASSED  ] 1 test.
<end of output>
Test time =   0.04 sec
----------------------------------------------------------
Test Passed.
"NonEmptyTree.FindNode" end time: Feb 19 10:28 CET
"NonEmptyTree.FindNode" time elapsed: 00:00:00
----------------------------------------------------------

7/56 Testing: TreeAxioms.Axiom1
7/56 Test: TreeAxioms.Axiom1
Command: "/mnt/c/Users/madal/OneDrive/Рабочий стол/IVS/build/black_box_test" "--gtest_filter=TreeAxioms.Axiom1" "--gtest_also_run_disabled_tests"
Directory: /mnt/c/Users/madal/OneDrive/Рабочий стол/IVS/build
"TreeAxioms.Axiom1" start time: Feb 19 10:28 CET
Output:
----------------------------------------------------------
Running main() from /mnt/c/Users/madal/OneDrive/Рабочий стол/IVS/build/_deps/googletest-src/googletest/src/gtest_main.cc
Note: Google Test filter = TreeAxioms.Axiom1
[==========] Running 1 test from 1 test suite.
[----------] Global test environment set-up.
[----------] 1 test from TreeAxioms
[ RUN      ] TreeAxioms.Axiom1
[       OK ] TreeAxioms.Axiom1 (0 ms)
[----------] 1 test from TreeAxioms (0 ms total)

[----------] Global test environment tear-down
[==========] 1 test from 1 test suite ran. (0 ms total)
[  PASSED  ] 1 test.
<end of output>
Test time =   0.04 sec
----------------------------------------------------------
Test Passed.
"TreeAxioms.Axiom1" end time: Feb 19 10:28 CET
"TreeAxioms.Axiom1" time elapsed: 00:00:00
----------------------------------------------------------

8/56 Testing: TreeAxioms.Axiom2
8/56 Test: TreeAxioms.Axiom2
Command: "/mnt/c/Users/madal/OneDrive/Рабочий стол/IVS/build/black_box_test" "--gtest_filter=TreeAxioms.Axiom2" "--gtest_also_run_disabled_tests"
Directory: /mnt/c/Users/madal/OneDrive/Рабочий стол/IVS/build
"TreeAxioms.Axiom2" start time: Feb 19 10:28 CET
Output:
----------------------------------------------------------
Running main() from /mnt/c/Users/madal/OneDrive/Рабочий стол/IVS/build/_deps/googletest-src/googletest/src/gtest_main.cc
Note: Google Test filter = TreeAxioms.Axiom2
[==========] Running 1 test from 1 test suite.
[----------] Global test environment set-up.
[----------] 1 test from TreeAxioms
[ RUN      ] TreeAxioms.Axiom2
[       OK ] TreeAxioms.Axiom2 (0 ms)
[----------] 1 test from TreeAxioms (0 ms total)

[----------] Global test environment tear-down
[==========] 1 test from 1 test suite ran. (0 ms total)
[  PASSED  ] 1 test.
<end of output>
Test time =   0.04 sec
----------------------------------------------------------
Test Passed.
"TreeAxioms.Axiom2" end time: Feb 19 10:28 CET
"TreeAxioms.Axiom2" time elapsed: 00:00:00
----------------------------------------------------------

9/56 Testing: TreeAxioms.Axiom3
9/56 Test: TreeAxioms.Axiom3
Command: "/mnt/c/Users/madal/OneDrive/Рабочий стол/IVS/build/black_box_test" "--gtest_filter=TreeAxioms.Axiom3" "--gtest_also_run_disabled_tests"
Directory: /mnt/c/Users/madal/OneDrive/Рабочий стол/IVS/build
"TreeAxioms.Axiom3" start time: Feb 19 10:28 CET
Output:
----------------------------------------------------------
Running main() from /mnt/c/Users/madal/OneDrive/Рабочий стол/IVS/build/_deps/googletest-src/googletest/src/gtest_main.cc
Note: Google Test filter = TreeAxioms.Axiom3
[==========] Running 1 test from 1 test suite.
[----------] Global test environment set-up.
[----------] 1 test from TreeAxioms
[ RUN      ] TreeAxioms.Axiom3
[       OK ] TreeAxioms.Axiom3 (0 ms)
[----------] 1 test from TreeAxioms (0 ms total)

[----------] Global test environment tear-down
[==========] 1 test from 1 test suite ran. (0 ms total)
[  PASSED  ] 1 test.
<end of output>
Test time =   0.04 sec
----------------------------------------------------------
Test Passed.
"TreeAxioms.Axiom3" end time: Feb 19 10:28 CET
"TreeAxioms.Axiom3" time elapsed: 00:00:00
----------------------------------------------------------

10/56 Testing: EmptyHashMap.Size
10/56 Test: EmptyHashMap.Size
Command: "/mnt/c/Users/madal/OneDrive/Рабочий стол/IVS/build/white_box_test" "--gtest_filter=EmptyHashMap.Size" "--gtest_also_run_disabled_tests"
Directory: /mnt/c/Users/madal/OneDrive/Рабочий стол/IVS/build
"EmptyHashMap.Size" start time: Feb 19 10:28 CET
Output:
----------------------------------------------------------
Running main() from /mnt/c/Users/madal/OneDrive/Рабочий стол/IVS/build/_deps/googletest-src/googletest/src/gtest_main.cc
Note: Google Test filter = EmptyHashMap.Size
[==========] Running 1 test from 1 test suite.
[----------] Global test environment set-up.
[----------] 1 test from EmptyHashMap
[ RUN      ] EmptyHashMap.Size
[       OK ] EmptyHashMap.Size (0 ms)
[----------] 1 test from EmptyHashMap (0 ms total)

[----------] Global test environment tear-down
[==========] 1 test from 1 test suite ran. (0 ms total)
[  PASSED  ] 1 test.
<end of output>
Test time =   0.05 sec
----------------------------------------------------------
Test Passed.
"EmptyHashMap.Size" end time: Feb 19 10:28 CET
"EmptyHashMap.Size" time elapsed: 00:00:00
----------------------------------------------------------

11/56 Testing: EmptyHashMap.Capacity
11/56 Test: EmptyHashMap.Capacity
Command: "/mnt/c/Users/madal/OneDrive/Рабочий стол/IVS/build/white_box_test" "--gtest_filter=EmptyHashMap.Capacity" "--gtest_also_run_disabled_tests"
Directory: /mnt/c/Users/madal/OneDrive/Рабочий стол/IVS/build
"EmptyHashMap.Capacity" start time: Feb 19 10:28 CET
Output:
----------------------------------------------------------
Running main() from /mnt/c/Users/madal/OneDrive/Рабочий стол/IVS/build/_deps/googletest-src/googletest/src/gtest_main.cc
Note: Google Test filter = EmptyHashMap.Capacity
[==========] Running 1 test from 1 test suite.
[----------] Global test environment set-up.
[----------] 1 test from EmptyHashMap
[ RUN      ] EmptyHashMap.Capacity
[       OK ] EmptyHashMap.Capacity (0 ms)
[----------] 1 test from EmptyHashMap (0 ms total)

[----------] Global test environment tear-down
[==========] 1 test from 1 test suite ran. (0 ms total)
[  PASSED  ] 1 test.
<end of output>
Test time =   0.05 sec
----------------------------------------------------------
Test Passed.
"EmptyHashMap.Capacity" end time: Feb 19 10:28 CET
"EmptyHashMap.Capacity" time elapsed: 00:00:00
----------------------------------------------------------

12/56 Testing: EmptyHashMap.Remove
12/56 Test: EmptyHashMap.Remove
Command: "/mnt/c/Users/madal/OneDrive/Рабочий стол/IVS/build/white_box_test" "--gtest_filter=EmptyHashMap.Remove" "--gtest_also_run_disabled_tests"
Directory: /mnt/c/Users/madal/OneDrive/Рабочий стол/IVS/build
"EmptyHashMap.Remove" start time: Feb 19 10:28 CET
Output:
----------------------------------------------------------
Running main() from /mnt/c/Users/madal/OneDrive/Рабочий стол/IVS/build/_deps/googletest-src/googletest/src/gtest_main.cc
Note: Google Test filter = EmptyHashMap.Remove
[==========] Running 1 test from 1 test suite.
[----------] Global test environment set-up.
[----------] 1 test from EmptyHashMap
[ RUN      ] EmptyHashMap.Remove
[       OK ] EmptyHashMap.Remove (0 ms)
[----------] 1 test from EmptyHashMap (0 ms total)

[----------] Global test environment tear-down
[==========] 1 test from 1 test suite ran. (0 ms total)
[  PASSED  ] 1 test.
<end of output>
Test time =   0.06 sec
----------------------------------------------------------
Test Passed.
"EmptyHashMap.Remove" end time: Feb 19 10:28 CET
"EmptyHashMap.Remove" time elapsed: 00:00:00
----------------------------------------------------------

13/56 Testing: EmptyHashMap.Pop
13/56 Test: EmptyHashMap.Pop
Command: "/mnt/c/Users/madal/OneDrive/Рабочий стол/IVS/build/white_box_test" "--gtest_filter=EmptyHashMap.Pop" "--gtest_also_run_disabled_tests"
Directory: /mnt/c/Users/madal/OneDrive/Рабочий стол/IVS/build
"EmptyHashMap.Pop" start time: Feb 19 10:28 CET
Output:
----------------------------------------------------------
Running main() from /mnt/c/Users/madal/OneDrive/Рабочий стол/IVS/build/_deps/googletest-src/googletest/src/gtest_main.cc
Note: Google Test filter = EmptyHashMap.Pop
[==========] Running 1 test from 1 test suite.
[----------] Global test environment set-up.
[----------] 1 test from EmptyHashMap
[ RUN      ] EmptyHashMap.Pop
[       OK ] EmptyHashMap.Pop (0 ms)
[----------] 1 test from EmptyHashMap (0 ms total)

[----------] Global test environment tear-down
[==========] 1 test from 1 test suite ran. (0 ms total)
[  PASSED  ] 1 test.
<end of output>
Test time =   0.06 sec
----------------------------------------------------------
Test Passed.
"EmptyHashMap.Pop" end time: Feb 19 10:28 CET
"EmptyHashMap.Pop" time elapsed: 00:00:00
----------------------------------------------------------

14/56 Testing: EmptyHashMap.Contains
14/56 Test: EmptyHashMap.Contains
Command: "/mnt/c/Users/madal/OneDrive/Рабочий стол/IVS/build/white_box_test" "--gtest_filter=EmptyHashMap.Contains" "--gtest_also_run_disabled_tests"
Directory: /mnt/c/Users/madal/OneDrive/Рабочий стол/IVS/build
"EmptyHashMap.Contains" start time: Feb 19 10:28 CET
Output:
----------------------------------------------------------
Running main() from /mnt/c/Users/madal/OneDrive/Рабочий стол/IVS/build/_deps/googletest-src/googletest/src/gtest_main.cc
Note: Google Test filter = EmptyHashMap.Contains
[==========] Running 1 test from 1 test suite.
[----------] Global test environment set-up.
[----------] 1 test from EmptyHashMap
[ RUN      ] EmptyHashMap.Contains
[       OK ] EmptyHashMap.Contains (0 ms)
[----------] 1 test from EmptyHashMap (0 ms total)

[----------] Global test environment tear-down
[==========] 1 test from 1 test suite ran. (0 ms total)
[  PASSED  ] 1 test.
<end of output>
Test time =   0.05 sec
----------------------------------------------------------
Test Passed.
"EmptyHashMap.Contains" end time: Feb 19 10:28 CET
"EmptyHashMap.Contains" time elapsed: 00:00:00
----------------------------------------------------------

15/56 Testing: EmptyHashMap.Get
15/56 Test: EmptyHashMap.Get
Command: "/mnt/c/Users/madal/OneDrive/Рабочий стол/IVS/build/white_box_test" "--gtest_filter=EmptyHashMap.Get" "--gtest_also_run_disabled_tests"
Directory: /mnt/c/Users/madal/OneDrive/Рабочий стол/IVS/build
"EmptyHashMap.Get" start time: Feb 19 10:28 CET
Output:
----------------------------------------------------------
Running main() from /mnt/c/Users/madal/OneDrive/Рабочий стол/IVS/build/_deps/googletest-src/googletest/src/gtest_main.cc
Note: Google Test filter = EmptyHashMap.Get
[==========] Running 1 test from 1 test suite.
[----------] Global test environment set-up.
[----------] 1 test from EmptyHashMap
[ RUN      ] EmptyHashMap.Get
[       OK ] EmptyHashMap.Get (0 ms)
[----------] 1 test from EmptyHashMap (0 ms total)

[----------] Global test environment tear-down
[==========] 1 test from 1 test suite ran. (0 ms total)
[  PASSED  ] 1 test.
<end of output>
Test time =   0.05 sec
----------------------------------------------------------
Test Passed.
"EmptyHashMap.Get" end time: Feb 19 10:28 CET
"EmptyHashMap.Get" time elapsed: 00:00:00
----------------------------------------------------------

16/56 Testing: NonEmptyHashMap.Size
16/56 Test: NonEmptyHashMap.Size
Command: "/mnt/c/Users/madal/OneDrive/Рабочий стол/IVS/build/white_box_test" "--gtest_filter=NonEmptyHashMap.Size" "--gtest_also_run_disabled_tests"
Directory: /mnt/c/Users/madal/OneDrive/Рабочий стол/IVS/build
"NonEmptyHashMap.Size" start time: Feb 19 10:28 CET
Output:
----------------------------------------------------------
Running main() from /mnt/c/Users/madal/OneDrive/Рабочий стол/IVS/build/_deps/googletest-src/googletest/src/gtest_main.cc
Note: Google Test filter = NonEmptyHashMap.Size
[==========] Running 1 test from 1 test suite.
[----------] Global test environment set-up.
[----------] 1 test from NonEmptyHashMap
[ RUN      ] NonEmptyHashMap.Size
[       OK ] NonEmptyHashMap.Size (0 ms)
[----------] 1 test from NonEmptyHashMap (0 ms total)

[----------] Global test environment tear-down
[==========] 1 test from 1 test suite ran. (0 ms total)
[  PASSED  ] 1 test.
<end of output>
Test time =   0.05 sec
----------------------------------------------------------
Test Passed.
"NonEmptyHashMap.Size" end time: Feb 19 10:28 CET
"NonEmptyHashMap.Size" time elapsed: 00:00:00
----------------------------------------------------------

17/56 Testing: NonEmptyHashMap.Capacity
17/56 Test: NonEmptyHashMap.Capacity
Command: "/mnt/c/Users/madal/OneDrive/Рабочий стол/IVS/build/white_box_test" "--gtest_filter=NonEmptyHashMap.Capacity" "--gtest_also_run_disabled_tests"
Directory: /mnt/c/Users/madal/OneDrive/Рабочий стол/IVS/build
"NonEmptyHashMap.Capacity" start time: Feb 19 10:28 CET
Output:
----------------------------------------------------------
Running main() from /mnt/c/Users/madal/OneDrive/Рабочий стол/IVS/build/_deps/googletest-src/googletest/src/gtest_main.cc
Note: Google Test filter = NonEmptyHashMap.Capacity
[==========] Running 1 test from 1 test suite.
[----------] Global test environment set-up.
[----------] 1 test from NonEmptyHashMap
[ RUN      ] NonEmptyHashMap.Capacity
[       OK ] NonEmptyHashMap.Capacity (0 ms)
[----------] 1 test from NonEmptyHashMap (0 ms total)

[----------] Global test environment tear-down
[==========] 1 test from 1 test suite ran. (0 ms total)
[  PASSED  ] 1 test.
<end of output>
Test time =   0.05 sec
----------------------------------------------------------
Test Passed.
"NonEmptyHashMap.Capacity" end time: Feb 19 10:28 CET
"NonEmptyHashMap.Capacity" time elapsed: 00:00:00
----------------------------------------------------------

18/56 Testing: NonEmptyHashMap.Remove
18/56 Test: NonEmptyHashMap.Remove
Command: "/mnt/c/Users/madal/OneDrive/Рабочий стол/IVS/build/white_box_test" "--gtest_filter=NonEmptyHashMap.Remove" "--gtest_also_run_disabled_tests"
Directory: /mnt/c/Users/madal/OneDrive/Рабочий стол/IVS/build
"NonEmptyHashMap.Remove" start time: Feb 19 10:28 CET
Output:
----------------------------------------------------------
Running main() from /mnt/c/Users/madal/OneDrive/Рабочий стол/IVS/build/_deps/googletest-src/googletest/src/gtest_main.cc
Note: Google Test filter = NonEmptyHashMap.Remove
[==========] Running 1 test from 1 test suite.
[----------] Global test environment set-up.
[----------] 1 test from NonEmptyHashMap
[ RUN      ] NonEmptyHashMap.Remove
[       OK ] NonEmptyHashMap.Remove (0 ms)
[----------] 1 test from NonEmptyHashMap (0 ms total)

[----------] Global test environment tear-down
[==========] 1 test from 1 test suite ran. (0 ms total)
[  PASSED  ] 1 test.
<end of output>
Test time =   0.05 sec
----------------------------------------------------------
Test Passed.
"NonEmptyHashMap.Remove" end time: Feb 19 10:28 CET
"NonEmptyHashMap.Remove" time elapsed: 00:00:00
----------------------------------------------------------

19/56 Testing: NonEmptyHashMap.Reserve
19/56 Test: NonEmptyHashMap.Reserve
Command: "/mnt/c/Users/madal/OneDrive/Рабочий стол/IVS/build/white_box_test" "--gtest_filter=NonEmptyHashMap.Reserve" "--gtest_also_run_disabled_tests"
Directory: /mnt/c/Users/madal/OneDrive/Рабочий стол/IVS/build
"NonEmptyHashMap.Reserve" start time: Feb 19 10:28 CET
Output:
----------------------------------------------------------
Running main() from /mnt/c/Users/madal/OneDrive/Рабочий стол/IVS/build/_deps/googletest-src/googletest/src/gtest_main.cc
Note: Google Test filter = NonEmptyHashMap.Reserve
[==========] Running 1 test from 1 test suite.
[----------] Global test environment set-up.
[----------] 1 test from NonEmptyHashMap
[ RUN      ] NonEmptyHashMap.Reserve
[       OK ] NonEmptyHashMap.Reserve (0 ms)
[----------] 1 test from NonEmptyHashMap (0 ms total)

[----------] Global test environment tear-down
[==========] 1 test from 1 test suite ran. (0 ms total)
[  PASSED  ] 1 test.
<end of output>
Test time =   0.05 sec
----------------------------------------------------------
Test Passed.
"NonEmptyHashMap.Reserve" end time: Feb 19 10:28 CET
"NonEmptyHashMap.Reserve" time elapsed: 00:00:00
----------------------------------------------------------

20/56 Testing: NonEmptyHashMap.Put_Collision
20/56 Test: NonEmptyHashMap.Put_Collision
Command: "/mnt/c/Users/madal/OneDrive/Рабочий стол/IVS/build/white_box_test" "--gtest_filter=NonEmptyHashMap.Put_Collision" "--gtest_also_run_disabled_tests"
Directory: /mnt/c/Users/madal/OneDrive/Рабочий стол/IVS/build
"NonEmptyHashMap.Put_Collision" start time: Feb 19 10:28 CET
Output:
----------------------------------------------------------
Running main() from /mnt/c/Users/madal/OneDrive/Рабочий стол/IVS/build/_deps/googletest-src/googletest/src/gtest_main.cc
Note: Google Test filter = NonEmptyHashMap.Put_Collision
[==========] Running 1 test from 1 test suite.
[----------] Global test environment set-up.
[----------] 1 test from NonEmptyHashMap
[ RUN      ] NonEmptyHashMap.Put_Collision
[       OK ] NonEmptyHashMap.Put_Collision (0 ms)
[----------] 1 test from NonEmptyHashMap (0 ms total)

[----------] Global test environment tear-down
[==========] 1 test from 1 test suite ran. (0 ms total)
[  PASSED  ] 1 test.
<end of output>
Test time =   0.05 sec
----------------------------------------------------------
Test Passed.
"NonEmptyHashMap.Put_Collision" end time: Feb 19 10:28 CET
"NonEmptyHashMap.Put_Collision" time elapsed: 00:00:00
----------------------------------------------------------

21/56 Testing: NonEmptyHashMap.Pop
21/56 Test: NonEmptyHashMap.Pop
Command: "/mnt/c/Users/madal/OneDrive/Рабочий стол/IVS/build/white_box_test" "--gtest_filter=NonEmptyHashMap.Pop" "--gtest_also_run_disabled_tests"
Directory: /mnt/c/Users/madal/OneDrive/Рабочий стол/IVS/build
"NonEmptyHashMap.Pop" start time: Feb 19 10:28 CET
Output:
----------------------------------------------------------
Running main() from /mnt/c/Users/madal/OneDrive/Рабочий стол/IVS/build/_deps/googletest-src/googletest/src/gtest_main.cc
Note: Google Test filter = NonEmptyHashMap.Pop
[==========] Running 1 test from 1 test suite.
[----------] Global test environment set-up.
[----------] 1 test from NonEmptyHashMap
[ RUN      ] NonEmptyHashMap.Pop
[       OK ] NonEmptyHashMap.Pop (0 ms)
[----------] 1 test from NonEmptyHashMap (0 ms total)

[----------] Global test environment tear-down
[==========] 1 test from 1 test suite ran. (0 ms total)
[  PASSED  ] 1 test.
<end of output>
Test time =   0.05 sec
----------------------------------------------------------
Test Passed.
"NonEmptyHashMap.Pop" end time: Feb 19 10:28 CET
"NonEmptyHashMap.Pop" time elapsed: 00:00:00
----------------------------------------------------------

22/56 Testing: NonEmptyHashMap.Contains
22/56 Test: NonEmptyHashMap.Contains
Command: "/mnt/c/Users/madal/OneDrive/Рабочий стол/IVS/build/white_box_test" "--gtest_filter=NonEmptyHashMap.Contains" "--gtest_also_run_disabled_tests"
Directory: /mnt/c/Users/madal/OneDrive/Рабочий стол/IVS/build
"NonEmptyHashMap.Contains" start time: Feb 19 10:28 CET
Output:
----------------------------------------------------------
Running main() from /mnt/c/Users/madal/OneDrive/Рабочий стол/IVS/build/_deps/googletest-src/googletest/src/gtest_main.cc
Note: Google Test filter = NonEmptyHashMap.Contains
[==========] Running 1 test from 1 test suite.
[----------] Global test environment set-up.
[----------] 1 test from NonEmptyHashMap
[ RUN      ] NonEmptyHashMap.Contains
[       OK ] NonEmptyHashMap.Contains (0 ms)
[----------] 1 test from NonEmptyHashMap (0 ms total)

[----------] Global test environment tear-down
[==========] 1 test from 1 test suite ran. (0 ms total)
[  PASSED  ] 1 test.
<end of output>
Test time =   0.06 sec
----------------------------------------------------------
Test Passed.
"NonEmptyHashMap.Contains" end time: Feb 19 10:28 CET
"NonEmptyHashMap.Contains" time elapsed: 00:00:00
----------------------------------------------------------

23/56 Testing: NonEmptyHashMap.Get
23/56 Test: NonEmptyHashMap.Get
Command: "/mnt/c/Users/madal/OneDrive/Рабочий стол/IVS/build/white_box_test" "--gtest_filter=NonEmptyHashMap.Get" "--gtest_also_run_disabled_tests"
Directory: /mnt/c/Users/madal/OneDrive/Рабочий стол/IVS/build
"NonEmptyHashMap.Get" start time: Feb 19 10:28 CET
Output:
----------------------------------------------------------
Running main() from /mnt/c/Users/madal/OneDrive/Рабочий стол/IVS/build/_deps/googletest-src/googletest/src/gtest_main.cc
Note: Google Test filter = NonEmptyHashMap.Get
[==========] Running 1 test from 1 test suite.
[----------] Global test environment set-up.
[----------] 1 test from NonEmptyHashMap
[ RUN      ] NonEmptyHashMap.Get
[       OK ] NonEmptyHashMap.Get (0 ms)
[----------] 1 test from NonEmptyHashMap (0 ms total)

[----------] Global test environment tear-down
[==========] 1 test from 1 test suite ran. (0 ms total)
[  PASSED  ] 1 test.
<end of output>
Test time =   0.05 sec
----------------------------------------------------------
Test Passed.
"NonEmptyHashMap.Get" end time: Feb 19 10:28 CET
"NonEmptyHashMap.Get" time elapsed: 00:00:00
----------------------------------------------------------

24/56 Testing: NonEmptyGraph.nodes
24/56 Test: NonEmptyGraph.nodes
Command: "/mnt/c/Users/madal/OneDrive/Рабочий стол/IVS/build/tdd_test" "--gtest_filter=NonEmptyGraph.nodes" "--gtest_also_run_disabled_tests"
Directory: /mnt/c/Users/madal/OneDrive/Рабочий стол/IVS/build
"NonEmptyGraph.nodes" start time: Feb 19 10:28 CET
Output:
----------------------------------------------------------
Running main() from /mnt/c/Users/madal/OneDrive/Рабочий стол/IVS/build/_deps/googletest-src/googletest/src/gtest_main.cc
Note: Google Test filter = NonEmptyGraph.nodes
[==========] Running 1 test from 1 test suite.
[----------] Global test environment set-up.
[----------] 1 test from NonEmptyGraph
[ RUN      ] NonEmptyGraph.nodes
[       OK ] NonEmptyGraph.nodes (0 ms)
[----------] 1 test from NonEmptyGraph (0 ms total)

[----------] Global test environment tear-down
[==========] 1 test from 1 test suite ran. (0 ms total)
[  PASSED  ] 1 test.
<end of output>
Test time =   0.06 sec
----------------------------------------------------------
Test Passed.
"NonEmptyGraph.nodes" end time: Feb 19 10:28 CET
"NonEmptyGraph.nodes" time elapsed: 00:00:00
----------------------------------------------------------

25/56 Testing: NonEmptyGraph.edges
25/56 Test: NonEmptyGraph.edges
Command: "/mnt/c/Users/madal/OneDrive/Рабочий стол/IVS/build/tdd_test" "--gtest_filter=NonEmptyGraph.edges" "--gtest_also_run_disabled_tests"
Directory: /mnt/c/Users/madal/OneDrive/Рабочий стол/IVS/build
"NonEmptyGraph.edges" start time: Feb 19 10:28 CET
Output:
----------------------------------------------------------
Running main() from /mnt/c/Users/madal/OneDrive/Рабочий стол/IVS/build/_deps/googletest-src/googletest/src/gtest_main.cc
Note: Google Test filter = NonEmptyGraph.edges
[==========] Running 1 test from 1 test suite.
[----------] Global test environment set-up.
[----------] 1 test from NonEmptyGraph
[ RUN      ] NonEmptyGraph.edges
[       OK ] NonEmptyGraph.edges (0 ms)
[----------] 1 test from NonEmptyGraph (0 ms total)

[----------] Global test environment tear-down
[==========] 1 test from 1 test suite ran. (0 ms total)
[  PASSED  ] 1 test.
<end of output>
Test time =   0.06 sec
----------------------------------------------------------
Test Passed.
"NonEmptyGraph.edges" end time: Feb 19 10:28 CET
"NonEmptyGraph.edges" time elapsed: 00:00:00
----------------------------------------------------------

26/56 Testing: NonEmptyGraph.addNode
26/56 Test: NonEmptyGraph.addNode
Command: "/mnt/c/Users/madal/OneDrive/Рабочий стол/IVS/build/tdd_test" "--gtest_filter=NonEmptyGraph.addNode" "--gtest_also_run_disabled_tests"
Directory: /mnt/c/Users/madal/OneDrive/Рабочий стол/IVS/build
"NonEmptyGraph.addNode" start time: Feb 19 10:28 CET
Output:
----------------------------------------------------------
Running main() from /mnt/c/Users/madal/OneDrive/Рабочий стол/IVS/build/_deps/googletest-src/googletest/src/gtest_main.cc
Note: Google Test filter = NonEmptyGraph.addNode
[==========] Running 1 test from 1 test suite.
[----------] Global test environment set-up.
[----------] 1 test from NonEmptyGraph
[ RUN      ] NonEmptyGraph.addNode
[       OK ] NonEmptyGraph.addNode (0 ms)
[----------] 1 test from NonEmptyGraph (0 ms total)

[----------] Global test environment tear-down
[==========] 1 test from 1 test suite ran. (0 ms total)
[  PASSED  ] 1 test.
<end of output>
Test time =   0.06 sec
----------------------------------------------------------
Test Passed.
"NonEmptyGraph.addNode" end time: Feb 19 10:28 CET
"NonEmptyGraph.addNode" time elapsed: 00:00:00
----------------------------------------------------------

27/56 Testing: NonEmptyGraph.addEdge
27/56 Test: NonEmptyGraph.addEdge
Command: "/mnt/c/Users/madal/OneDrive/Рабочий стол/IVS/build/tdd_test" "--gtest_filter=NonEmptyGraph.addEdge" "--gtest_also_run_disabled_tests"
Directory: /mnt/c/Users/madal/OneDrive/Рабочий стол/IVS/build
"NonEmptyGraph.addEdge" start time: Feb 19 10:28 CET
Output:
----------------------------------------------------------
Running main() from /mnt/c/Users/madal/OneDrive/Рабочий стол/IVS/build/_deps/googletest-src/googletest/src/gtest_main.cc
Note: Google Test filter = NonEmptyGraph.addEdge
[==========] Running 1 test from 1 test suite.
[----------] Global test environment set-up.
[----------] 1 test from NonEmptyGraph
[ RUN      ] NonEmptyGraph.addEdge
[       OK ] NonEmptyGraph.addEdge (0 ms)
[----------] 1 test from NonEmptyGraph (0 ms total)

[----------] Global test environment tear-down
[==========] 1 test from 1 test suite ran. (0 ms total)
[  PASSED  ] 1 test.
<end of output>
Test time =   0.06 sec
----------------------------------------------------------
Test Passed.
"NonEmptyGraph.addEdge" end time: Feb 19 10:28 CET
"NonEmptyGraph.addEdge" time elapsed: 00:00:00
----------------------------------------------------------

28/56 Testing: NonEmptyGraph.addMultipleEdges
28/56 Test: NonEmptyGraph.addMultipleEdges
Command: "/mnt/c/Users/madal/OneDrive/Рабочий стол/IVS/build/tdd_test" "--gtest_filter=NonEmptyGraph.addMultipleEdges" "--gtest_also_run_disabled_tests"
Directory: /mnt/c/Users/madal/OneDrive/Рабочий стол/IVS/build
"NonEmptyGraph.addMultipleEdges" start time: Feb 19 10:28 CET
Output:
----------------------------------------------------------
Running main() from /mnt/c/Users/madal/OneDrive/Рабочий стол/IVS/build/_deps/googletest-src/googletest/src/gtest_main.cc
Note: Google Test filter = NonEmptyGraph.addMultipleEdges
[==========] Running 1 test from 1 test suite.
[----------] Global test environment set-up.
[----------] 1 test from NonEmptyGraph
[ RUN      ] NonEmptyGraph.addMultipleEdges
[       OK ] NonEmptyGraph.addMultipleEdges (0 ms)
[----------] 1 test from NonEmptyGraph (0 ms total)

[----------] Global test environment tear-down
[==========] 1 test from 1 test suite ran. (0 ms total)
[  PASSED  ] 1 test.
<end of output>
Test time =   0.06 sec
----------------------------------------------------------
Test Passed.
"NonEmptyGraph.addMultipleEdges" end time: Feb 19 10:28 CET
"NonEmptyGraph.addMultipleEdges" time elapsed: 00:00:00
----------------------------------------------------------

29/56 Testing: NonEmptyGraph.getNode
29/56 Test: NonEmptyGraph.getNode
Command: "/mnt/c/Users/madal/OneDrive/Рабочий стол/IVS/build/tdd_test" "--gtest_filter=NonEmptyGraph.getNode" "--gtest_also_run_disabled_tests"
Directory: /mnt/c/Users/madal/OneDrive/Рабочий стол/IVS/build
"NonEmptyGraph.getNode" start time: Feb 19 10:28 CET
Output:
----------------------------------------------------------
Running main() from /mnt/c/Users/madal/OneDrive/Рабочий стол/IVS/build/_deps/googletest-src/googletest/src/gtest_main.cc
Note: Google Test filter = NonEmptyGraph.getNode
[==========] Running 1 test from 1 test suite.
[----------] Global test environment set-up.
[----------] 1 test from NonEmptyGraph
[ RUN      ] NonEmptyGraph.getNode
[       OK ] NonEmptyGraph.getNode (0 ms)
[----------] 1 test from NonEmptyGraph (0 ms total)

[----------] Global test environment tear-down
[==========] 1 test from 1 test suite ran. (0 ms total)
[  PASSED  ] 1 test.
<end of output>
Test time =   0.06 sec
----------------------------------------------------------
Test Passed.
"NonEmptyGraph.getNode" end time: Feb 19 10:28 CET
"NonEmptyGraph.getNode" time elapsed: 00:00:00
----------------------------------------------------------

30/56 Testing: NonEmptyGraph.containsEdge
30/56 Test: NonEmptyGraph.containsEdge
Command: "/mnt/c/Users/madal/OneDrive/Рабочий стол/IVS/build/tdd_test" "--gtest_filter=NonEmptyGraph.containsEdge" "--gtest_also_run_disabled_tests"
Directory: /mnt/c/Users/madal/OneDrive/Рабочий стол/IVS/build
"NonEmptyGraph.containsEdge" start time: Feb 19 10:28 CET
Output:
----------------------------------------------------------
Running main() from /mnt/c/Users/madal/OneDrive/Рабочий стол/IVS/build/_deps/googletest-src/googletest/src/gtest_main.cc
Note: Google Test filter = NonEmptyGraph.containsEdge
[==========] Running 1 test from 1 test suite.
[----------] Global test environment set-up.
[----------] 1 test from NonEmptyGraph
[ RUN      ] NonEmptyGraph.containsEdge
[       OK ] NonEmptyGraph.containsEdge (0 ms)
[----------] 1 test from NonEmptyGraph (0 ms total)

[----------] Global test environment tear-down
[==========] 1 test from 1 test suite ran. (0 ms total)
[  PASSED  ] 1 test.
<end of output>
Test time =   0.06 sec
----------------------------------------------------------
Test Passed.
"NonEmptyGraph.containsEdge" end time: Feb 19 10:28 CET
"NonEmptyGraph.containsEdge" time elapsed: 00:00:00
----------------------------------------------------------

31/56 Testing: NonEmptyGraph.removeNode
31/56 Test: NonEmptyGraph.removeNode
Command: "/mnt/c/Users/madal/OneDrive/Рабочий стол/IVS/build/tdd_test" "--gtest_filter=NonEmptyGraph.removeNode" "--gtest_also_run_disabled_tests"
Directory: /mnt/c/Users/madal/OneDrive/Рабочий стол/IVS/build
"NonEmptyGraph.removeNode" start time: Feb 19 10:28 CET
Output:
----------------------------------------------------------
Running main() from /mnt/c/Users/madal/OneDrive/Рабочий стол/IVS/build/_deps/googletest-src/googletest/src/gtest_main.cc
Note: Google Test filter = NonEmptyGraph.removeNode
[==========] Running 1 test from 1 test suite.
[----------] Global test environment set-up.
[----------] 1 test from NonEmptyGraph
[ RUN      ] NonEmptyGraph.removeNode
[       OK ] NonEmptyGraph.removeNode (0 ms)
[----------] 1 test from NonEmptyGraph (0 ms total)

[----------] Global test environment tear-down
[==========] 1 test from 1 test suite ran. (0 ms total)
[  PASSED  ] 1 test.
<end of output>
Test time =   0.06 sec
----------------------------------------------------------
Test Passed.
"NonEmptyGraph.removeNode" end time: Feb 19 10:28 CET
"NonEmptyGraph.removeNode" time elapsed: 00:00:00
----------------------------------------------------------

32/56 Testing: NonEmptyGraph.removeEdge
32/56 Test: NonEmptyGraph.removeEdge
Command: "/mnt/c/Users/madal/OneDrive/Рабочий стол/IVS/build/tdd_test" "--gtest_filter=NonEmptyGraph.removeEdge" "--gtest_also_run_disabled_tests"
Directory: /mnt/c/Users/madal/OneDrive/Рабочий стол/IVS/build
"NonEmptyGraph.removeEdge" start time: Feb 19 10:28 CET
Output:
----------------------------------------------------------
Running main() from /mnt/c/Users/madal/OneDrive/Рабочий стол/IVS/build/_deps/googletest-src/googletest/src/gtest_main.cc
Note: Google Test filter = NonEmptyGraph.removeEdge
[==========] Running 1 test from 1 test suite.
[----------] Global test environment set-up.
[----------] 1 test from NonEmptyGraph
[ RUN      ] NonEmptyGraph.removeEdge
[       OK ] NonEmptyGraph.removeEdge (0 ms)
[----------] 1 test from NonEmptyGraph (0 ms total)

[----------] Global test environment tear-down
[==========] 1 test from 1 test suite ran. (0 ms total)
[  PASSED  ] 1 test.
<end of output>
Test time =   0.06 sec
----------------------------------------------------------
Test Passed.
"NonEmptyGraph.removeEdge" end time: Feb 19 10:28 CET
"NonEmptyGraph.removeEdge" time elapsed: 00:00:00
----------------------------------------------------------

33/56 Testing: NonEmptyGraph.nodeCount
33/56 Test: NonEmptyGraph.nodeCount
Command: "/mnt/c/Users/madal/OneDrive/Рабочий стол/IVS/build/tdd_test" "--gtest_filter=NonEmptyGraph.nodeCount" "--gtest_also_run_disabled_tests"
Directory: /mnt/c/Users/madal/OneDrive/Рабочий стол/IVS/build
"NonEmptyGraph.nodeCount" start time: Feb 19 10:28 CET
Output:
----------------------------------------------------------
Running main() from /mnt/c/Users/madal/OneDrive/Рабочий стол/IVS/build/_deps/googletest-src/googletest/src/gtest_main.cc
Note: Google Test filter = NonEmptyGraph.nodeCount
[==========] Running 1 test from 1 test suite.
[----------] Global test environment set-up.
[----------] 1 test from NonEmptyGraph
[ RUN      ] NonEmptyGraph.nodeCount
[       OK ] NonEmptyGraph.nodeCount (0 ms)
[----------] 1 test from NonEmptyGraph (0 ms total)

[----------] Global test environment tear-down
[==========] 1 test from 1 test suite ran. (0 ms total)
[  PASSED  ] 1 test.
<end of output>
Test time =   0.07 sec
----------------------------------------------------------
Test Passed.
"NonEmptyGraph.nodeCount" end time: Feb 19 10:28 CET
"NonEmptyGraph.nodeCount" time elapsed: 00:00:00
----------------------------------------------------------

34/56 Testing: NonEmptyGraph.edgeCount
34/56 Test: NonEmptyGraph.edgeCount
Command: "/mnt/c/Users/madal/OneDrive/Рабочий стол/IVS/build/tdd_test" "--gtest_filter=NonEmptyGraph.edgeCount" "--gtest_also_run_disabled_tests"
Directory: /mnt/c/Users/madal/OneDrive/Рабочий стол/IVS/build
"NonEmptyGraph.edgeCount" start time: Feb 19 10:28 CET
Output:
----------------------------------------------------------
Running main() from /mnt/c/Users/madal/OneDrive/Рабочий стол/IVS/build/_deps/googletest-src/googletest/src/gtest_main.cc
Note: Google Test filter = NonEmptyGraph.edgeCount
[==========] Running 1 test from 1 test suite.
[----------] Global test environment set-up.
[----------] 1 test from NonEmptyGraph
[ RUN      ] NonEmptyGraph.edgeCount
[       OK ] NonEmptyGraph.edgeCount (0 ms)
[----------] 1 test from NonEmptyGraph (0 ms total)

[----------] Global test environment tear-down
[==========] 1 test from 1 test suite ran. (0 ms total)
[  PASSED  ] 1 test.
<end of output>
Test time =   0.07 sec
----------------------------------------------------------
Test Passed.
"NonEmptyGraph.edgeCount" end time: Feb 19 10:28 CET
"NonEmptyGraph.edgeCount" time elapsed: 00:00:00
----------------------------------------------------------

35/56 Testing: NonEmptyGraph.nodeDegree
35/56 Test: NonEmptyGraph.nodeDegree
Command: "/mnt/c/Users/madal/OneDrive/Рабочий стол/IVS/build/tdd_test" "--gtest_filter=NonEmptyGraph.nodeDegree" "--gtest_also_run_disabled_tests"
Directory: /mnt/c/Users/madal/OneDrive/Рабочий стол/IVS/build
"NonEmptyGraph.nodeDegree" start time: Feb 19 10:28 CET
Output:
----------------------------------------------------------
Running main() from /mnt/c/Users/madal/OneDrive/Рабочий стол/IVS/build/_deps/googletest-src/googletest/src/gtest_main.cc
Note: Google Test filter = NonEmptyGraph.nodeDegree
[==========] Running 1 test from 1 test suite.
[----------] Global test environment set-up.
[----------] 1 test from NonEmptyGraph
[ RUN      ] NonEmptyGraph.nodeDegree
[       OK ] NonEmptyGraph.nodeDegree (0 ms)
[----------] 1 test from NonEmptyGraph (0 ms total)

[----------] Global test environment tear-down
[==========] 1 test from 1 test suite ran. (0 ms total)
[  PASSED  ] 1 test.
<end of output>
Test time =   0.07 sec
----------------------------------------------------------
Test Passed.
"NonEmptyGraph.nodeDegree" end time: Feb 19 10:28 CET
"NonEmptyGraph.nodeDegree" time elapsed: 00:00:00
----------------------------------------------------------

36/56 Testing: NonEmptyGraph.graphDegree
36/56 Test: NonEmptyGraph.graphDegree
Command: "/mnt/c/Users/madal/OneDrive/Рабочий стол/IVS/build/tdd_test" "--gtest_filter=NonEmptyGraph.graphDegree" "--gtest_also_run_disabled_tests"
Directory: /mnt/c/Users/madal/OneDrive/Рабочий стол/IVS/build
"NonEmptyGraph.graphDegree" start time: Feb 19 10:28 CET
Output:
----------------------------------------------------------
Running main() from /mnt/c/Users/madal/OneDrive/Рабочий стол/IVS/build/_deps/googletest-src/googletest/src/gtest_main.cc
Note: Google Test filter = NonEmptyGraph.graphDegree
[==========] Running 1 test from 1 test suite.
[----------] Global test environment set-up.
[----------] 1 test from NonEmptyGraph
[ RUN      ] NonEmptyGraph.graphDegree
[       OK ] NonEmptyGraph.graphDegree (0 ms)
[----------] 1 test from NonEmptyGraph (0 ms total)

[----------] Global test environment tear-down
[==========] 1 test from 1 test suite ran. (0 ms total)
[  PASSED  ] 1 test.
<end of output>
Test time =   0.06 sec
----------------------------------------------------------
Test Passed.
"NonEmptyGraph.graphDegree" end time: Feb 19 10:28 CET
"NonEmptyGraph.graphDegree" time elapsed: 00:00:00
----------------------------------------------------------

37/56 Testing: NonEmptyGraph.coloring
37/56 Test: NonEmptyGraph.coloring
Command: "/mnt/c/Users/madal/OneDrive/Рабочий стол/IVS/build/tdd_test" "--gtest_filter=NonEmptyGraph.coloring" "--gtest_also_run_disabled_tests"
Directory: /mnt/c/Users/madal/OneDrive/Рабочий стол/IVS/build
"NonEmptyGraph.coloring" start time: Feb 19 10:28 CET
Output:
----------------------------------------------------------
Running main() from /mnt/c/Users/madal/OneDrive/Рабочий стол/IVS/build/_deps/googletest-src/googletest/src/gtest_main.cc
Note: Google Test filter = NonEmptyGraph.coloring
[==========] Running 1 test from 1 test suite.
[----------] Global test environment set-up.
[----------] 1 test from NonEmptyGraph
[ RUN      ] NonEmptyGraph.coloring
[       OK ] NonEmptyGraph.coloring (0 ms)
[----------] 1 test from NonEmptyGraph (0 ms total)

[----------] Global test environment tear-down
[==========] 1 test from 1 test suite ran. (0 ms total)
[  PASSED  ] 1 test.
<end of output>
Test time =   0.06 sec
----------------------------------------------------------
Test Passed.
"NonEmptyGraph.coloring" end time: Feb 19 10:28 CET
"NonEmptyGraph.coloring" time elapsed: 00:00:00
----------------------------------------------------------

38/56 Testing: NonEmptyGraph.clear
38/56 Test: NonEmptyGraph.clear
Command: "/mnt/c/Users/madal/OneDrive/Рабочий стол/IVS/build/tdd_test" "--gtest_filter=NonEmptyGraph.clear" "--gtest_also_run_disabled_tests"
Directory: /mnt/c/Users/madal/OneDrive/Рабочий стол/IVS/build
"NonEmptyGraph.clear" start time: Feb 19 10:28 CET
Output:
----------------------------------------------------------
Running main() from /mnt/c/Users/madal/OneDrive/Рабочий стол/IVS/build/_deps/googletest-src/googletest/src/gtest_main.cc
Note: Google Test filter = NonEmptyGraph.clear
[==========] Running 1 test from 1 test suite.
[----------] Global test environment set-up.
[----------] 1 test from NonEmptyGraph
[ RUN      ] NonEmptyGraph.clear
[       OK ] NonEmptyGraph.clear (0 ms)
[----------] 1 test from NonEmptyGraph (0 ms total)

[----------] Global test environment tear-down
[==========] 1 test from 1 test suite ran. (0 ms total)
[  PASSED  ] 1 test.
<end of output>
Test time =   0.06 sec
----------------------------------------------------------
Test Passed.
"NonEmptyGraph.clear" end time: Feb 19 10:28 CET
"NonEmptyGraph.clear" time elapsed: 00:00:00
----------------------------------------------------------

39/56 Testing: EmptyGraph.nodes
39/56 Test: EmptyGraph.nodes
Command: "/mnt/c/Users/madal/OneDrive/Рабочий стол/IVS/build/tdd_test" "--gtest_filter=EmptyGraph.nodes" "--gtest_also_run_disabled_tests"
Directory: /mnt/c/Users/madal/OneDrive/Рабочий стол/IVS/build
"EmptyGraph.nodes" start time: Feb 19 10:28 CET
Output:
----------------------------------------------------------
Running main() from /mnt/c/Users/madal/OneDrive/Рабочий стол/IVS/build/_deps/googletest-src/googletest/src/gtest_main.cc
Note: Google Test filter = EmptyGraph.nodes
[==========] Running 1 test from 1 test suite.
[----------] Global test environment set-up.
[----------] 1 test from EmptyGraph
[ RUN      ] EmptyGraph.nodes
[       OK ] EmptyGraph.nodes (0 ms)
[----------] 1 test from EmptyGraph (0 ms total)

[----------] Global test environment tear-down
[==========] 1 test from 1 test suite ran. (0 ms total)
[  PASSED  ] 1 test.
<end of output>
Test time =   0.06 sec
----------------------------------------------------------
Test Passed.
"EmptyGraph.nodes" end time: Feb 19 10:28 CET
"EmptyGraph.nodes" time elapsed: 00:00:00
----------------------------------------------------------

40/56 Testing: EmptyGraph.edges
40/56 Test: EmptyGraph.edges
Command: "/mnt/c/Users/madal/OneDrive/Рабочий стол/IVS/build/tdd_test" "--gtest_filter=EmptyGraph.edges" "--gtest_also_run_disabled_tests"
Directory: /mnt/c/Users/madal/OneDrive/Рабочий стол/IVS/build
"EmptyGraph.edges" start time: Feb 19 10:28 CET
Output:
----------------------------------------------------------
Running main() from /mnt/c/Users/madal/OneDrive/Рабочий стол/IVS/build/_deps/googletest-src/googletest/src/gtest_main.cc
Note: Google Test filter = EmptyGraph.edges
[==========] Running 1 test from 1 test suite.
[----------] Global test environment set-up.
[----------] 1 test from EmptyGraph
[ RUN      ] EmptyGraph.edges
[       OK ] EmptyGraph.edges (0 ms)
[----------] 1 test from EmptyGraph (0 ms total)

[----------] Global test environment tear-down
[==========] 1 test from 1 test suite ran. (0 ms total)
[  PASSED  ] 1 test.
<end of output>
Test time =   0.06 sec
----------------------------------------------------------
Test Passed.
"EmptyGraph.edges" end time: Feb 19 10:28 CET
"EmptyGraph.edges" time elapsed: 00:00:00
----------------------------------------------------------

41/56 Testing: EmptyGraph.addNode
41/56 Test: EmptyGraph.addNode
Command: "/mnt/c/Users/madal/OneDrive/Рабочий стол/IVS/build/tdd_test" "--gtest_filter=EmptyGraph.addNode" "--gtest_also_run_disabled_tests"
Directory: /mnt/c/Users/madal/OneDrive/Рабочий стол/IVS/build
"EmptyGraph.addNode" start time: Feb 19 10:28 CET
Output:
----------------------------------------------------------
Running main() from /mnt/c/Users/madal/OneDrive/Рабочий стол/IVS/build/_deps/googletest-src/googletest/src/gtest_main.cc
Note: Google Test filter = EmptyGraph.addNode
[==========] Running 1 test from 1 test suite.
[----------] Global test environment set-up.
[----------] 1 test from EmptyGraph
[ RUN      ] EmptyGraph.addNode
[       OK ] EmptyGraph.addNode (0 ms)
[----------] 1 test from EmptyGraph (0 ms total)

[----------] Global test environment tear-down
[==========] 1 test from 1 test suite ran. (0 ms total)
[  PASSED  ] 1 test.
<end of output>
Test time =   0.06 sec
----------------------------------------------------------
Test Passed.
"EmptyGraph.addNode" end time: Feb 19 10:28 CET
"EmptyGraph.addNode" time elapsed: 00:00:00
----------------------------------------------------------

42/56 Testing: EmptyGraph.addEdge
42/56 Test: EmptyGraph.addEdge
Command: "/mnt/c/Users/madal/OneDrive/Рабочий стол/IVS/build/tdd_test" "--gtest_filter=EmptyGraph.addEdge" "--gtest_also_run_disabled_tests"
Directory: /mnt/c/Users/madal/OneDrive/Рабочий стол/IVS/build
"EmptyGraph.addEdge" start time: Feb 19 10:28 CET
Output:
----------------------------------------------------------
Running main() from /mnt/c/Users/madal/OneDrive/Рабочий стол/IVS/build/_deps/googletest-src/googletest/src/gtest_main.cc
Note: Google Test filter = EmptyGraph.addEdge
[==========] Running 1 test from 1 test suite.
[----------] Global test environment set-up.
[----------] 1 test from EmptyGraph
[ RUN      ] EmptyGraph.addEdge
[       OK ] EmptyGraph.addEdge (0 ms)
[----------] 1 test from EmptyGraph (0 ms total)

[----------] Global test environment tear-down
[==========] 1 test from 1 test suite ran. (0 ms total)
[  PASSED  ] 1 test.
<end of output>
Test time =   0.06 sec
----------------------------------------------------------
Test Passed.
"EmptyGraph.addEdge" end time: Feb 19 10:28 CET
"EmptyGraph.addEdge" time elapsed: 00:00:00
----------------------------------------------------------

43/56 Testing: EmptyGraph.addMultipleEdges
43/56 Test: EmptyGraph.addMultipleEdges
Command: "/mnt/c/Users/madal/OneDrive/Рабочий стол/IVS/build/tdd_test" "--gtest_filter=EmptyGraph.addMultipleEdges" "--gtest_also_run_disabled_tests"
Directory: /mnt/c/Users/madal/OneDrive/Рабочий стол/IVS/build
"EmptyGraph.addMultipleEdges" start time: Feb 19 10:28 CET
Output:
----------------------------------------------------------
Running main() from /mnt/c/Users/madal/OneDrive/Рабочий стол/IVS/build/_deps/googletest-src/googletest/src/gtest_main.cc
Note: Google Test filter = EmptyGraph.addMultipleEdges
[==========] Running 1 test from 1 test suite.
[----------] Global test environment set-up.
[----------] 1 test from EmptyGraph
[ RUN      ] EmptyGraph.addMultipleEdges
[       OK ] EmptyGraph.addMultipleEdges (0 ms)
[----------] 1 test from EmptyGraph (0 ms total)

[----------] Global test environment tear-down
[==========] 1 test from 1 test suite ran. (0 ms total)
[  PASSED  ] 1 test.
<end of output>
Test time =   0.06 sec
----------------------------------------------------------
Test Passed.
"EmptyGraph.addMultipleEdges" end time: Feb 19 10:28 CET
"EmptyGraph.addMultipleEdges" time elapsed: 00:00:00
----------------------------------------------------------

44/56 Testing: EmptyGraph.getNode
44/56 Test: EmptyGraph.getNode
Command: "/mnt/c/Users/madal/OneDrive/Рабочий стол/IVS/build/tdd_test" "--gtest_filter=EmptyGraph.getNode" "--gtest_also_run_disabled_tests"
Directory: /mnt/c/Users/madal/OneDrive/Рабочий стол/IVS/build
"EmptyGraph.getNode" start time: Feb 19 10:28 CET
Output:
----------------------------------------------------------
Running main() from /mnt/c/Users/madal/OneDrive/Рабочий стол/IVS/build/_deps/googletest-src/googletest/src/gtest_main.cc
Note: Google Test filter = EmptyGraph.getNode
[==========] Running 1 test from 1 test suite.
[----------] Global test environment set-up.
[----------] 1 test from EmptyGraph
[ RUN      ] EmptyGraph.getNode
[       OK ] EmptyGraph.getNode (0 ms)
[----------] 1 test from EmptyGraph (0 ms total)

[----------] Global test environment tear-down
[==========] 1 test from 1 test suite ran. (0 ms total)
[  PASSED  ] 1 test.
<end of output>
Test time =   0.10 sec
----------------------------------------------------------
Test Passed.
"EmptyGraph.getNode" end time: Feb 19 10:28 CET
"EmptyGraph.getNode" time elapsed: 00:00:00
----------------------------------------------------------

45/56 Testing: EmptyGraph.containsEdge
45/56 Test: EmptyGraph.containsEdge
Command: "/mnt/c/Users/madal/OneDrive/Рабочий стол/IVS/build/tdd_test" "--gtest_filter=EmptyGraph.containsEdge" "--gtest_also_run_disabled_tests"
Directory: /mnt/c/Users/madal/OneDrive/Рабочий стол/IVS/build
"EmptyGraph.containsEdge" start time: Feb 19 10:28 CET
Output:
----------------------------------------------------------
Running main() from /mnt/c/Users/madal/OneDrive/Рабочий стол/IVS/build/_deps/googletest-src/googletest/src/gtest_main.cc
Note: Google Test filter = EmptyGraph.containsEdge
[==========] Running 1 test from 1 test suite.
[----------] Global test environment set-up.
[----------] 1 test from EmptyGraph
[ RUN      ] EmptyGraph.containsEdge
[       OK ] EmptyGraph.containsEdge (0 ms)
[----------] 1 test from EmptyGraph (0 ms total)

[----------] Global test environment tear-down
[==========] 1 test from 1 test suite ran. (0 ms total)
[  PASSED  ] 1 test.
<end of output>
Test time =   0.06 sec
----------------------------------------------------------
Test Passed.
"EmptyGraph.containsEdge" end time: Feb 19 10:28 CET
"EmptyGraph.containsEdge" time elapsed: 00:00:00
----------------------------------------------------------

46/56 Testing: EmptyGraph.removeNode
46/56 Test: EmptyGraph.removeNode
Command: "/mnt/c/Users/madal/OneDrive/Рабочий стол/IVS/build/tdd_test" "--gtest_filter=EmptyGraph.removeNode" "--gtest_also_run_disabled_tests"
Directory: /mnt/c/Users/madal/OneDrive/Рабочий стол/IVS/build
"EmptyGraph.removeNode" start time: Feb 19 10:28 CET
Output:
----------------------------------------------------------
Running main() from /mnt/c/Users/madal/OneDrive/Рабочий стол/IVS/build/_deps/googletest-src/googletest/src/gtest_main.cc
Note: Google Test filter = EmptyGraph.removeNode
[==========] Running 1 test from 1 test suite.
[----------] Global test environment set-up.
[----------] 1 test from EmptyGraph
[ RUN      ] EmptyGraph.removeNode
[       OK ] EmptyGraph.removeNode (0 ms)
[----------] 1 test from EmptyGraph (0 ms total)

[----------] Global test environment tear-down
[==========] 1 test from 1 test suite ran. (0 ms total)
[  PASSED  ] 1 test.
<end of output>
Test time =   0.06 sec
----------------------------------------------------------
Test Passed.
"EmptyGraph.removeNode" end time: Feb 19 10:28 CET
"EmptyGraph.removeNode" time elapsed: 00:00:00
----------------------------------------------------------

47/56 Testing: EmptyGraph.removeEdge
47/56 Test: EmptyGraph.removeEdge
Command: "/mnt/c/Users/madal/OneDrive/Рабочий стол/IVS/build/tdd_test" "--gtest_filter=EmptyGraph.removeEdge" "--gtest_also_run_disabled_tests"
Directory: /mnt/c/Users/madal/OneDrive/Рабочий стол/IVS/build
"EmptyGraph.removeEdge" start time: Feb 19 10:28 CET
Output:
----------------------------------------------------------
Running main() from /mnt/c/Users/madal/OneDrive/Рабочий стол/IVS/build/_deps/googletest-src/googletest/src/gtest_main.cc
Note: Google Test filter = EmptyGraph.removeEdge
[==========] Running 1 test from 1 test suite.
[----------] Global test environment set-up.
[----------] 1 test from EmptyGraph
[ RUN      ] EmptyGraph.removeEdge
[       OK ] EmptyGraph.removeEdge (0 ms)
[----------] 1 test from EmptyGraph (0 ms total)

[----------] Global test environment tear-down
[==========] 1 test from 1 test suite ran. (0 ms total)
[  PASSED  ] 1 test.
<end of output>
Test time =   0.06 sec
----------------------------------------------------------
Test Passed.
"EmptyGraph.removeEdge" end time: Feb 19 10:28 CET
"EmptyGraph.removeEdge" time elapsed: 00:00:00
----------------------------------------------------------

48/56 Testing: EmptyGraph.nodeCount
48/56 Test: EmptyGraph.nodeCount
Command: "/mnt/c/Users/madal/OneDrive/Рабочий стол/IVS/build/tdd_test" "--gtest_filter=EmptyGraph.nodeCount" "--gtest_also_run_disabled_tests"
Directory: /mnt/c/Users/madal/OneDrive/Рабочий стол/IVS/build
"EmptyGraph.nodeCount" start time: Feb 19 10:28 CET
Output:
----------------------------------------------------------
Running main() from /mnt/c/Users/madal/OneDrive/Рабочий стол/IVS/build/_deps/googletest-src/googletest/src/gtest_main.cc
Note: Google Test filter = EmptyGraph.nodeCount
[==========] Running 1 test from 1 test suite.
[----------] Global test environment set-up.
[----------] 1 test from EmptyGraph
[ RUN      ] EmptyGraph.nodeCount
[       OK ] EmptyGraph.nodeCount (0 ms)
[----------] 1 test from EmptyGraph (0 ms total)

[----------] Global test environment tear-down
[==========] 1 test from 1 test suite ran. (0 ms total)
[  PASSED  ] 1 test.
<end of output>
Test time =   0.06 sec
----------------------------------------------------------
Test Passed.
"EmptyGraph.nodeCount" end time: Feb 19 10:28 CET
"EmptyGraph.nodeCount" time elapsed: 00:00:00
----------------------------------------------------------

49/56 Testing: EmptyGraph.edgeCount
49/56 Test: EmptyGraph.edgeCount
Command: "/mnt/c/Users/madal/OneDrive/Рабочий стол/IVS/build/tdd_test" "--gtest_filter=EmptyGraph.edgeCount" "--gtest_also_run_disabled_tests"
Directory: /mnt/c/Users/madal/OneDrive/Рабочий стол/IVS/build
"EmptyGraph.edgeCount" start time: Feb 19 10:28 CET
Output:
----------------------------------------------------------
Running main() from /mnt/c/Users/madal/OneDrive/Рабочий стол/IVS/build/_deps/googletest-src/googletest/src/gtest_main.cc
Note: Google Test filter = EmptyGraph.edgeCount
[==========] Running 1 test from 1 test suite.
[----------] Global test environment set-up.
[----------] 1 test from EmptyGraph
[ RUN      ] EmptyGraph.edgeCount
[       OK ] EmptyGraph.edgeCount (0 ms)
[----------] 1 test from EmptyGraph (0 ms total)

[----------] Global test environment tear-down
[==========] 1 test from 1 test suite ran. (0 ms total)
[  PASSED  ] 1 test.
<end of output>
Test time =   0.06 sec
----------------------------------------------------------
Test Passed.
"EmptyGraph.edgeCount" end time: Feb 19 10:28 CET
"EmptyGraph.edgeCount" time elapsed: 00:00:00
----------------------------------------------------------

50/56 Testing: EmptyGraph.nodeDegree
50/56 Test: EmptyGraph.nodeDegree
Command: "/mnt/c/Users/madal/OneDrive/Рабочий стол/IVS/build/tdd_test" "--gtest_filter=EmptyGraph.nodeDegree" "--gtest_also_run_disabled_tests"
Directory: /mnt/c/Users/madal/OneDrive/Рабочий стол/IVS/build
"EmptyGraph.nodeDegree" start time: Feb 19 10:28 CET
Output:
----------------------------------------------------------
Running main() from /mnt/c/Users/madal/OneDrive/Рабочий стол/IVS/build/_deps/googletest-src/googletest/src/gtest_main.cc
Note: Google Test filter = EmptyGraph.nodeDegree
[==========] Running 1 test from 1 test suite.
[----------] Global test environment set-up.
[----------] 1 test from EmptyGraph
[ RUN      ] EmptyGraph.nodeDegree
[       OK ] EmptyGraph.nodeDegree (0 ms)
[----------] 1 test from EmptyGraph (0 ms total)

[----------] Global test environment tear-down
[==========] 1 test from 1 test suite ran. (0 ms total)
[  PASSED  ] 1 test.
<end of output>
Test time =   0.06 sec
----------------------------------------------------------
Test Passed.
"EmptyGraph.nodeDegree" end time: Feb 19 10:28 CET
"EmptyGraph.nodeDegree" time elapsed: 00:00:00
----------------------------------------------------------

51/56 Testing: EmptyGraph.graphDegree
51/56 Test: EmptyGraph.graphDegree
Command: "/mnt/c/Users/madal/OneDrive/Рабочий стол/IVS/build/tdd_test" "--gtest_filter=EmptyGraph.graphDegree" "--gtest_also_run_disabled_tests"
Directory: /mnt/c/Users/madal/OneDrive/Рабочий стол/IVS/build
"EmptyGraph.graphDegree" start time: Feb 19 10:28 CET
Output:
----------------------------------------------------------
Running main() from /mnt/c/Users/madal/OneDrive/Рабочий стол/IVS/build/_deps/googletest-src/googletest/src/gtest_main.cc
Note: Google Test filter = EmptyGraph.graphDegree
[==========] Running 1 test from 1 test suite.
[----------] Global test environment set-up.
[----------] 1 test from EmptyGraph
[ RUN      ] EmptyGraph.graphDegree
[       OK ] EmptyGraph.graphDegree (0 ms)
[----------] 1 test from EmptyGraph (0 ms total)

[----------] Global test environment tear-down
[==========] 1 test from 1 test suite ran. (0 ms total)
[  PASSED  ] 1 test.
<end of output>
Test time =   0.06 sec
----------------------------------------------------------
Test Passed.
"EmptyGraph.graphDegree" end time: Feb 19 10:28 CET
"EmptyGraph.graphDegree" time elapsed: 00:00:00
----------------------------------------------------------

52/56 Testing: EmptyGraph.coloring
52/56 Test: EmptyGraph.coloring
Command: "/mnt/c/Users/madal/OneDrive/Рабочий стол/IVS/build/tdd_test" "--gtest_filter=EmptyGraph.coloring" "--gtest_also_run_disabled_tests"
Directory: /mnt/c/Users/madal/OneDrive/Рабочий стол/IVS/build
"EmptyGraph.coloring" start time: Feb 19 10:28 CET
Output:
----------------------------------------------------------
Running main() from /mnt/c/Users/madal/OneDrive/Рабочий стол/IVS/build/_deps/googletest-src/googletest/src/gtest_main.cc
Note: Google Test filter = EmptyGraph.coloring
[==========] Running 1 test from 1 test suite.
[----------] Global test environment set-up.
[----------] 1 test from EmptyGraph
[ RUN      ] EmptyGraph.coloring
[       OK ] EmptyGraph.coloring (0 ms)
[----------] 1 test from EmptyGraph (0 ms total)

[----------] Global test environment tear-down
[==========] 1 test from 1 test suite ran. (0 ms total)
[  PASSED  ] 1 test.
<end of output>
Test time =   0.06 sec
----------------------------------------------------------
Test Passed.
"EmptyGraph.coloring" end time: Feb 19 10:28 CET
"EmptyGraph.coloring" time elapsed: 00:00:00
----------------------------------------------------------

53/56 Testing: EmptyGraph.clear
53/56 Test: EmptyGraph.clear
Command: "/mnt/c/Users/madal/OneDrive/Рабочий стол/IVS/build/tdd_test" "--gtest_filter=EmptyGraph.clear" "--gtest_also_run_disabled_tests"
Directory: /mnt/c/Users/madal/OneDrive/Рабочий стол/IVS/build
"EmptyGraph.clear" start time: Feb 19 10:28 CET
Output:
----------------------------------------------------------
Running main() from /mnt/c/Users/madal/OneDrive/Рабочий стол/IVS/build/_deps/googletest-src/googletest/src/gtest_main.cc
Note: Google Test filter = EmptyGraph.clear
[==========] Running 1 test from 1 test suite.
[----------] Global test environment set-up.
[----------] 1 test from EmptyGraph
[ RUN      ] EmptyGraph.clear
[       OK ] EmptyGraph.clear (0 ms)
[----------] 1 test from EmptyGraph (0 ms total)

[----------] Global test environment tear-down
[==========] 1 test from 1 test suite ran. (0 ms total)
[  PASSED  ] 1 test.
<end of output>
Test time =   0.06 sec
----------------------------------------------------------
Test Passed.
"EmptyGraph.clear" end time: Feb 19 10:28 CET
"EmptyGraph.clear" time elapsed: 00:00:00
----------------------------------------------------------

54/56 Testing: Edges.equal
54/56 Test: Edges.equal
Command: "/mnt/c/Users/madal/OneDrive/Рабочий стол/IVS/build/tdd_test" "--gtest_filter=Edges.equal" "--gtest_also_run_disabled_tests"
Directory: /mnt/c/Users/madal/OneDrive/Рабочий стол/IVS/build
"Edges.equal" start time: Feb 19 10:28 CET
Output:
----------------------------------------------------------
Running main() from /mnt/c/Users/madal/OneDrive/Рабочий стол/IVS/build/_deps/googletest-src/googletest/src/gtest_main.cc
Note: Google Test filter = Edges.equal
[==========] Running 1 test from 1 test suite.
[----------] Global test environment set-up.
[----------] 1 test from Edges
[ RUN      ] Edges.equal
[       OK ] Edges.equal (0 ms)
[----------] 1 test from Edges (0 ms total)

[----------] Global test environment tear-down
[==========] 1 test from 1 test suite ran. (0 ms total)
[  PASSED  ] 1 test.
<end of output>
Test time =   0.06 sec
----------------------------------------------------------
Test Passed.
"Edges.equal" end time: Feb 19 10:28 CET
"Edges.equal" time elapsed: 00:00:00
----------------------------------------------------------

55/56 Testing: Edges.nonEqual
55/56 Test: Edges.nonEqual
Command: "/mnt/c/Users/madal/OneDrive/Рабочий стол/IVS/build/tdd_test" "--gtest_filter=Edges.nonEqual" "--gtest_also_run_disabled_tests"
Directory: /mnt/c/Users/madal/OneDrive/Рабочий стол/IVS/build
"Edges.nonEqual" start time: Feb 19 10:28 CET
Output:
----------------------------------------------------------
Running main() from /mnt/c/Users/madal/OneDrive/Рабочий стол/IVS/build/_deps/googletest-src/googletest/src/gtest_main.cc
Note: Google Test filter = Edges.nonEqual
[==========] Running 1 test from 1 test suite.
[----------] Global test environment set-up.
[----------] 1 test from Edges
[ RUN      ] Edges.nonEqual
[       OK ] Edges.nonEqual (0 ms)
[----------] 1 test from Edges (0 ms total)

[----------] Global test environment tear-down
[==========] 1 test from 1 test suite ran. (0 ms total)
[  PASSED  ] 1 test.
<end of output>
Test time =   0.06 sec
----------------------------------------------------------
Test Passed.
"Edges.nonEqual" end time: Feb 19 10:28 CET
"Edges.nonEqual" time elapsed: 00:00:00
----------------------------------------------------------

56/56 Testing: Edges.toStringStream
56/56 Test: Edges.toStringStream
Command: "/mnt/c/Users/madal/OneDrive/Рабочий стол/IVS/build/tdd_test" "--gtest_filter=Edges.toStringStream" "--gtest_also_run_disabled_tests"
Directory: /mnt/c/Users/madal/OneDrive/Рабочий стол/IVS/build
"Edges.toStringStream" start time: Feb 19 10:28 CET
Output:
----------------------------------------------------------
Running main() from /mnt/c/Users/madal/OneDrive/Рабочий стол/IVS/build/_deps/googletest-src/googletest/src/gtest_main.cc
Note: Google Test filter = Edges.toStringStream
[==========] Running 1 test from 1 test suite.
[----------] Global test environment set-up.
[----------] 1 test from Edges
[ RUN      ] Edges.toStringStream
[       OK ] Edges.toStringStream (0 ms)
[----------] 1 test from Edges (0 ms total)

[----------] Global test environment tear-down
[==========] 1 test from 1 test suite ran. (0 ms total)
[  PASSED  ] 1 test.
<end of output>
Test time =   0.06 sec
----------------------------------------------------------
Test Passed.
"Edges.toStringStream" end time: Feb 19 10:28 CET
"Edges.toStringStream" time elapsed: 00:00:00
----------------------------------------------------------

End testing: Feb 19 10:28 CET
