Start testing: Feb 18 16:37 CET
----------------------------------------------------------
1/57 Testing: EmptyTree.InsertNode
1/57 Test: EmptyTree.InsertNode
Command: "/mnt/c/Users/madal/OneDrive/Рабочий стол/IVS/build/black_box_test" "--gtest_filter=EmptyTree.InsertNode" "--gtest_also_run_disabled_tests"
Directory: /mnt/c/Users/madal/OneDrive/Рабочий стол/IVS/build
"EmptyTree.InsertNode" start time: Feb 18 16:37 CET
Output:
----------------------------------------------------------
Running main() from /mnt/c/Users/madal/OneDrive/Рабочий стол/IVS/build/_deps/googletest-src/googletest/src/gtest_main.cc
Note: Google Test filter = EmptyTree.InsertNode
[==========] Running 1 test from 1 test suite.
[----------] Global test environment set-up.
[----------] 1 test from EmptyTree
[ RUN      ] EmptyTree.InsertNode
[       OK ] EmptyTree.InsertNode (0 ms)
[----------] 1 test from EmptyTree (0 ms total)

[----------] Global test environment tear-down
[==========] 1 test from 1 test suite ran. (0 ms total)
[  PASSED  ] 1 test.
<end of output>
Test time =   0.04 sec
----------------------------------------------------------
Test Passed.
"EmptyTree.InsertNode" end time: Feb 18 16:37 CET
"EmptyTree.InsertNode" time elapsed: 00:00:00
----------------------------------------------------------

2/57 Testing: EmptyTree.DeleteNode
2/57 Test: EmptyTree.DeleteNode
Command: "/mnt/c/Users/madal/OneDrive/Рабочий стол/IVS/build/black_box_test" "--gtest_filter=EmptyTree.DeleteNode" "--gtest_also_run_disabled_tests"
Directory: /mnt/c/Users/madal/OneDrive/Рабочий стол/IVS/build
"EmptyTree.DeleteNode" start time: Feb 18 16:37 CET
Output:
----------------------------------------------------------
Running main() from /mnt/c/Users/madal/OneDrive/Рабочий стол/IVS/build/_deps/googletest-src/googletest/src/gtest_main.cc
Note: Google Test filter = EmptyTree.DeleteNode
[==========] Running 1 test from 1 test suite.
[----------] Global test environment set-up.
[----------] 1 test from EmptyTree
[ RUN      ] EmptyTree.DeleteNode
[       OK ] EmptyTree.DeleteNode (0 ms)
[----------] 1 test from EmptyTree (0 ms total)

[----------] Global test environment tear-down
[==========] 1 test from 1 test suite ran. (0 ms total)
[  PASSED  ] 1 test.
<end of output>
Test time =   0.04 sec
----------------------------------------------------------
Test Passed.
"EmptyTree.DeleteNode" end time: Feb 18 16:37 CET
"EmptyTree.DeleteNode" time elapsed: 00:00:00
----------------------------------------------------------

3/57 Testing: EmptyTree.FindNode
3/57 Test: EmptyTree.FindNode
Command: "/mnt/c/Users/madal/OneDrive/Рабочий стол/IVS/build/black_box_test" "--gtest_filter=EmptyTree.FindNode" "--gtest_also_run_disabled_tests"
Directory: /mnt/c/Users/madal/OneDrive/Рабочий стол/IVS/build
"EmptyTree.FindNode" start time: Feb 18 16:37 CET
Output:
----------------------------------------------------------
Running main() from /mnt/c/Users/madal/OneDrive/Рабочий стол/IVS/build/_deps/googletest-src/googletest/src/gtest_main.cc
Note: Google Test filter = EmptyTree.FindNode
[==========] Running 1 test from 1 test suite.
[----------] Global test environment set-up.
[----------] 1 test from EmptyTree
[ RUN      ] EmptyTree.FindNode
[       OK ] EmptyTree.FindNode (0 ms)
[----------] 1 test from EmptyTree (0 ms total)

[----------] Global test environment tear-down
[==========] 1 test from 1 test suite ran. (0 ms total)
[  PASSED  ] 1 test.
<end of output>
Test time =   0.04 sec
----------------------------------------------------------
Test Passed.
"EmptyTree.FindNode" end time: Feb 18 16:37 CET
"EmptyTree.FindNode" time elapsed: 00:00:00
----------------------------------------------------------

4/57 Testing: NonEmptyTree.InsertNode
4/57 Test: NonEmptyTree.InsertNode
Command: "/mnt/c/Users/madal/OneDrive/Рабочий стол/IVS/build/black_box_test" "--gtest_filter=NonEmptyTree.InsertNode" "--gtest_also_run_disabled_tests"
Directory: /mnt/c/Users/madal/OneDrive/Рабочий стол/IVS/build
"NonEmptyTree.InsertNode" start time: Feb 18 16:37 CET
Output:
----------------------------------------------------------
Running main() from /mnt/c/Users/madal/OneDrive/Рабочий стол/IVS/build/_deps/googletest-src/googletest/src/gtest_main.cc
Note: Google Test filter = NonEmptyTree.InsertNode
[==========] Running 1 test from 1 test suite.
[----------] Global test environment set-up.
[----------] 1 test from NonEmptyTree
[ RUN      ] NonEmptyTree.InsertNode
[       OK ] NonEmptyTree.InsertNode (0 ms)
[----------] 1 test from NonEmptyTree (0 ms total)

[----------] Global test environment tear-down
[==========] 1 test from 1 test suite ran. (0 ms total)
[  PASSED  ] 1 test.
<end of output>
Test time =   0.04 sec
----------------------------------------------------------
Test Passed.
"NonEmptyTree.InsertNode" end time: Feb 18 16:37 CET
"NonEmptyTree.InsertNode" time elapsed: 00:00:00
----------------------------------------------------------

5/57 Testing: NonEmptyTree.DeleteNode
5/57 Test: NonEmptyTree.DeleteNode
Command: "/mnt/c/Users/madal/OneDrive/Рабочий стол/IVS/build/black_box_test" "--gtest_filter=NonEmptyTree.DeleteNode" "--gtest_also_run_disabled_tests"
Directory: /mnt/c/Users/madal/OneDrive/Рабочий стол/IVS/build
"NonEmptyTree.DeleteNode" start time: Feb 18 16:37 CET
Output:
----------------------------------------------------------
Running main() from /mnt/c/Users/madal/OneDrive/Рабочий стол/IVS/build/_deps/googletest-src/googletest/src/gtest_main.cc
Note: Google Test filter = NonEmptyTree.DeleteNode
[==========] Running 1 test from 1 test suite.
[----------] Global test environment set-up.
[----------] 1 test from NonEmptyTree
[ RUN      ] NonEmptyTree.DeleteNode
[       OK ] NonEmptyTree.DeleteNode (0 ms)
[----------] 1 test from NonEmptyTree (0 ms total)

[----------] Global test environment tear-down
[==========] 1 test from 1 test suite ran. (0 ms total)
[  PASSED  ] 1 test.
<end of output>
Test time =   0.04 sec
----------------------------------------------------------
Test Passed.
"NonEmptyTree.DeleteNode" end time: Feb 18 16:37 CET
"NonEmptyTree.DeleteNode" time elapsed: 00:00:00
----------------------------------------------------------

6/57 Testing: NonEmptyTree.FindNode
6/57 Test: NonEmptyTree.FindNode
Command: "/mnt/c/Users/madal/OneDrive/Рабочий стол/IVS/build/black_box_test" "--gtest_filter=NonEmptyTree.FindNode" "--gtest_also_run_disabled_tests"
Directory: /mnt/c/Users/madal/OneDrive/Рабочий стол/IVS/build
"NonEmptyTree.FindNode" start time: Feb 18 16:37 CET
Output:
----------------------------------------------------------
Running main() from /mnt/c/Users/madal/OneDrive/Рабочий стол/IVS/build/_deps/googletest-src/googletest/src/gtest_main.cc
Note: Google Test filter = NonEmptyTree.FindNode
[==========] Running 1 test from 1 test suite.
[----------] Global test environment set-up.
[----------] 1 test from NonEmptyTree
[ RUN      ] NonEmptyTree.FindNode
[       OK ] NonEmptyTree.FindNode (0 ms)
[----------] 1 test from NonEmptyTree (0 ms total)

[----------] Global test environment tear-down
[==========] 1 test from 1 test suite ran. (0 ms total)
[  PASSED  ] 1 test.
<end of output>
Test time =   0.04 sec
----------------------------------------------------------
Test Passed.
"NonEmptyTree.FindNode" end time: Feb 18 16:37 CET
"NonEmptyTree.FindNode" time elapsed: 00:00:00
----------------------------------------------------------

7/57 Testing: TreeAxioms.Axiom1
7/57 Test: TreeAxioms.Axiom1
Command: "/mnt/c/Users/madal/OneDrive/Рабочий стол/IVS/build/black_box_test" "--gtest_filter=TreeAxioms.Axiom1" "--gtest_also_run_disabled_tests"
Directory: /mnt/c/Users/madal/OneDrive/Рабочий стол/IVS/build
"TreeAxioms.Axiom1" start time: Feb 18 16:37 CET
Output:
----------------------------------------------------------
Running main() from /mnt/c/Users/madal/OneDrive/Рабочий стол/IVS/build/_deps/googletest-src/googletest/src/gtest_main.cc
Note: Google Test filter = TreeAxioms.Axiom1
[==========] Running 1 test from 1 test suite.
[----------] Global test environment set-up.
[----------] 1 test from TreeAxioms
[ RUN      ] TreeAxioms.Axiom1
[       OK ] TreeAxioms.Axiom1 (0 ms)
[----------] 1 test from TreeAxioms (0 ms total)

[----------] Global test environment tear-down
[==========] 1 test from 1 test suite ran. (0 ms total)
[  PASSED  ] 1 test.
<end of output>
Test time =   0.04 sec
----------------------------------------------------------
Test Passed.
"TreeAxioms.Axiom1" end time: Feb 18 16:37 CET
"TreeAxioms.Axiom1" time elapsed: 00:00:00
----------------------------------------------------------

8/57 Testing: TreeAxioms.Axiom2
8/57 Test: TreeAxioms.Axiom2
Command: "/mnt/c/Users/madal/OneDrive/Рабочий стол/IVS/build/black_box_test" "--gtest_filter=TreeAxioms.Axiom2" "--gtest_also_run_disabled_tests"
Directory: /mnt/c/Users/madal/OneDrive/Рабочий стол/IVS/build
"TreeAxioms.Axiom2" start time: Feb 18 16:37 CET
Output:
----------------------------------------------------------
Running main() from /mnt/c/Users/madal/OneDrive/Рабочий стол/IVS/build/_deps/googletest-src/googletest/src/gtest_main.cc
Note: Google Test filter = TreeAxioms.Axiom2
[==========] Running 1 test from 1 test suite.
[----------] Global test environment set-up.
[----------] 1 test from TreeAxioms
[ RUN      ] TreeAxioms.Axiom2
[       OK ] TreeAxioms.Axiom2 (0 ms)
[----------] 1 test from TreeAxioms (0 ms total)

[----------] Global test environment tear-down
[==========] 1 test from 1 test suite ran. (0 ms total)
[  PASSED  ] 1 test.
<end of output>
Test time =   0.04 sec
----------------------------------------------------------
Test Passed.
"TreeAxioms.Axiom2" end time: Feb 18 16:37 CET
"TreeAxioms.Axiom2" time elapsed: 00:00:00
----------------------------------------------------------

9/57 Testing: TreeAxioms.Axiom3
9/57 Test: TreeAxioms.Axiom3
Command: "/mnt/c/Users/madal/OneDrive/Рабочий стол/IVS/build/black_box_test" "--gtest_filter=TreeAxioms.Axiom3" "--gtest_also_run_disabled_tests"
Directory: /mnt/c/Users/madal/OneDrive/Рабочий стол/IVS/build
"TreeAxioms.Axiom3" start time: Feb 18 16:37 CET
Output:
----------------------------------------------------------
Running main() from /mnt/c/Users/madal/OneDrive/Рабочий стол/IVS/build/_deps/googletest-src/googletest/src/gtest_main.cc
Note: Google Test filter = TreeAxioms.Axiom3
[==========] Running 1 test from 1 test suite.
[----------] Global test environment set-up.
[----------] 1 test from TreeAxioms
[ RUN      ] TreeAxioms.Axiom3
[       OK ] TreeAxioms.Axiom3 (0 ms)
[----------] 1 test from TreeAxioms (0 ms total)

[----------] Global test environment tear-down
[==========] 1 test from 1 test suite ran. (0 ms total)
[  PASSED  ] 1 test.
<end of output>
Test time =   0.04 sec
----------------------------------------------------------
Test Passed.
"TreeAxioms.Axiom3" end time: Feb 18 16:37 CET
"TreeAxioms.Axiom3" time elapsed: 00:00:00
----------------------------------------------------------

10/57 Testing: white_box_tests.hash_function
10/57 Test: white_box_tests.hash_function
Command: "/mnt/c/Users/madal/OneDrive/Рабочий стол/IVS/build/white_box_test" "--gtest_filter=white_box_tests.hash_function" "--gtest_also_run_disabled_tests"
Directory: /mnt/c/Users/madal/OneDrive/Рабочий стол/IVS/build
"white_box_tests.hash_function" start time: Feb 18 16:37 CET
Output:
----------------------------------------------------------
Running main() from /mnt/c/Users/madal/OneDrive/Рабочий стол/IVS/build/_deps/googletest-src/googletest/src/gtest_main.cc
Note: Google Test filter = white_box_tests.hash_function
[==========] Running 1 test from 1 test suite.
[----------] Global test environment set-up.
[----------] 1 test from white_box_tests
[ RUN      ] white_box_tests.hash_function
/mnt/c/Users/madal/OneDrive/Рабочий стол/IVS/white_box_tests.cpp:24: Failure
Value of: true
  Actual: true
Expected: false
[  FAILED  ] white_box_tests.hash_function (0 ms)
[----------] 1 test from white_box_tests (0 ms total)

[----------] Global test environment tear-down
[==========] 1 test from 1 test suite ran. (0 ms total)
[  PASSED  ] 0 tests.
[  FAILED  ] 1 test, listed below:
[  FAILED  ] white_box_tests.hash_function

 1 FAILED TEST
<end of output>
Test time =   0.07 sec
----------------------------------------------------------
Test Failed.
"white_box_tests.hash_function" end time: Feb 18 16:37 CET
"white_box_tests.hash_function" time elapsed: 00:00:00
----------------------------------------------------------

11/57 Testing: white_box_tests.hash_map_lookup_handle
11/57 Test: white_box_tests.hash_map_lookup_handle
Command: "/mnt/c/Users/madal/OneDrive/Рабочий стол/IVS/build/white_box_test" "--gtest_filter=white_box_tests.hash_map_lookup_handle" "--gtest_also_run_disabled_tests"
Directory: /mnt/c/Users/madal/OneDrive/Рабочий стол/IVS/build
"white_box_tests.hash_map_lookup_handle" start time: Feb 18 16:37 CET
Output:
----------------------------------------------------------
Running main() from /mnt/c/Users/madal/OneDrive/Рабочий стол/IVS/build/_deps/googletest-src/googletest/src/gtest_main.cc
Note: Google Test filter = white_box_tests.hash_map_lookup_handle
[==========] Running 1 test from 1 test suite.
[----------] Global test environment set-up.
[----------] 1 test from white_box_tests
[ RUN      ] white_box_tests.hash_map_lookup_handle
[       OK ] white_box_tests.hash_map_lookup_handle (0 ms)
[----------] 1 test from white_box_tests (0 ms total)

[----------] Global test environment tear-down
[==========] 1 test from 1 test suite ran. (0 ms total)
[  PASSED  ] 1 test.
<end of output>
Test time =   0.07 sec
----------------------------------------------------------
Test Passed.
"white_box_tests.hash_map_lookup_handle" end time: Feb 18 16:37 CET
"white_box_tests.hash_map_lookup_handle" time elapsed: 00:00:00
----------------------------------------------------------

12/57 Testing: white_box_tests.hash_map_lookup
12/57 Test: white_box_tests.hash_map_lookup
Command: "/mnt/c/Users/madal/OneDrive/Рабочий стол/IVS/build/white_box_test" "--gtest_filter=white_box_tests.hash_map_lookup" "--gtest_also_run_disabled_tests"
Directory: /mnt/c/Users/madal/OneDrive/Рабочий стол/IVS/build
"white_box_tests.hash_map_lookup" start time: Feb 18 16:37 CET
Output:
----------------------------------------------------------
Running main() from /mnt/c/Users/madal/OneDrive/Рабочий стол/IVS/build/_deps/googletest-src/googletest/src/gtest_main.cc
Note: Google Test filter = white_box_tests.hash_map_lookup
[==========] Running 1 test from 1 test suite.
[----------] Global test environment set-up.
[----------] 1 test from white_box_tests
[ RUN      ] white_box_tests.hash_map_lookup
[       OK ] white_box_tests.hash_map_lookup (0 ms)
[----------] 1 test from white_box_tests (0 ms total)

[----------] Global test environment tear-down
[==========] 1 test from 1 test suite ran. (0 ms total)
[  PASSED  ] 1 test.
<end of output>
Test time =   0.08 sec
----------------------------------------------------------
Test Passed.
"white_box_tests.hash_map_lookup" end time: Feb 18 16:37 CET
"white_box_tests.hash_map_lookup" time elapsed: 00:00:00
----------------------------------------------------------

13/57 Testing: white_box_tests.hash_map_init
13/57 Test: white_box_tests.hash_map_init
Command: "/mnt/c/Users/madal/OneDrive/Рабочий стол/IVS/build/white_box_test" "--gtest_filter=white_box_tests.hash_map_init" "--gtest_also_run_disabled_tests"
Directory: /mnt/c/Users/madal/OneDrive/Рабочий стол/IVS/build
"white_box_tests.hash_map_init" start time: Feb 18 16:37 CET
Output:
----------------------------------------------------------
Running main() from /mnt/c/Users/madal/OneDrive/Рабочий стол/IVS/build/_deps/googletest-src/googletest/src/gtest_main.cc
Note: Google Test filter = white_box_tests.hash_map_init
[==========] Running 1 test from 1 test suite.
[----------] Global test environment set-up.
[----------] 1 test from white_box_tests
[ RUN      ] white_box_tests.hash_map_init
[       OK ] white_box_tests.hash_map_init (0 ms)
[----------] 1 test from white_box_tests (0 ms total)

[----------] Global test environment tear-down
[==========] 1 test from 1 test suite ran. (0 ms total)
[  PASSED  ] 1 test.
<end of output>
Test time =   0.07 sec
----------------------------------------------------------
Test Passed.
"white_box_tests.hash_map_init" end time: Feb 18 16:37 CET
"white_box_tests.hash_map_init" time elapsed: 00:00:00
----------------------------------------------------------

14/57 Testing: white_box_tests.hash_map_ctor
14/57 Test: white_box_tests.hash_map_ctor
Command: "/mnt/c/Users/madal/OneDrive/Рабочий стол/IVS/build/white_box_test" "--gtest_filter=white_box_tests.hash_map_ctor" "--gtest_also_run_disabled_tests"
Directory: /mnt/c/Users/madal/OneDrive/Рабочий стол/IVS/build
"white_box_tests.hash_map_ctor" start time: Feb 18 16:37 CET
Output:
----------------------------------------------------------
Running main() from /mnt/c/Users/madal/OneDrive/Рабочий стол/IVS/build/_deps/googletest-src/googletest/src/gtest_main.cc
Note: Google Test filter = white_box_tests.hash_map_ctor
[==========] Running 1 test from 1 test suite.
[----------] Global test environment set-up.
[----------] 1 test from white_box_tests
[ RUN      ] white_box_tests.hash_map_ctor
[       OK ] white_box_tests.hash_map_ctor (0 ms)
[----------] 1 test from white_box_tests (0 ms total)

[----------] Global test environment tear-down
[==========] 1 test from 1 test suite ran. (0 ms total)
[  PASSED  ] 1 test.
<end of output>
Test time =   0.08 sec
----------------------------------------------------------
Test Passed.
"white_box_tests.hash_map_ctor" end time: Feb 18 16:37 CET
"white_box_tests.hash_map_ctor" time elapsed: 00:00:00
----------------------------------------------------------

15/57 Testing: white_box_tests.hash_map_clear
15/57 Test: white_box_tests.hash_map_clear
Command: "/mnt/c/Users/madal/OneDrive/Рабочий стол/IVS/build/white_box_test" "--gtest_filter=white_box_tests.hash_map_clear" "--gtest_also_run_disabled_tests"
Directory: /mnt/c/Users/madal/OneDrive/Рабочий стол/IVS/build
"white_box_tests.hash_map_clear" start time: Feb 18 16:37 CET
Output:
----------------------------------------------------------
Running main() from /mnt/c/Users/madal/OneDrive/Рабочий стол/IVS/build/_deps/googletest-src/googletest/src/gtest_main.cc
Note: Google Test filter = white_box_tests.hash_map_clear
[==========] Running 1 test from 1 test suite.
[----------] Global test environment set-up.
[----------] 1 test from white_box_tests
[ RUN      ] white_box_tests.hash_map_clear
[       OK ] white_box_tests.hash_map_clear (0 ms)
[----------] 1 test from white_box_tests (0 ms total)

[----------] Global test environment tear-down
[==========] 1 test from 1 test suite ran. (0 ms total)
[  PASSED  ] 1 test.
<end of output>
Test time =   0.06 sec
----------------------------------------------------------
Test Passed.
"white_box_tests.hash_map_clear" end time: Feb 18 16:37 CET
"white_box_tests.hash_map_clear" time elapsed: 00:00:00
----------------------------------------------------------

16/57 Testing: white_box_tests.hash_map_dtor
16/57 Test: white_box_tests.hash_map_dtor
Command: "/mnt/c/Users/madal/OneDrive/Рабочий стол/IVS/build/white_box_test" "--gtest_filter=white_box_tests.hash_map_dtor" "--gtest_also_run_disabled_tests"
Directory: /mnt/c/Users/madal/OneDrive/Рабочий стол/IVS/build
"white_box_tests.hash_map_dtor" start time: Feb 18 16:37 CET
Output:
----------------------------------------------------------
Running main() from /mnt/c/Users/madal/OneDrive/Рабочий стол/IVS/build/_deps/googletest-src/googletest/src/gtest_main.cc
Note: Google Test filter = white_box_tests.hash_map_dtor
[==========] Running 1 test from 1 test suite.
[----------] Global test environment set-up.
[----------] 1 test from white_box_tests
[ RUN      ] white_box_tests.hash_map_dtor
[       OK ] white_box_tests.hash_map_dtor (0 ms)
[----------] 1 test from white_box_tests (0 ms total)

[----------] Global test environment tear-down
[==========] 1 test from 1 test suite ran. (0 ms total)
[  PASSED  ] 1 test.
<end of output>
Test time =   0.12 sec
----------------------------------------------------------
Test Passed.
"white_box_tests.hash_map_dtor" end time: Feb 18 16:37 CET
"white_box_tests.hash_map_dtor" time elapsed: 00:00:00
----------------------------------------------------------

17/57 Testing: white_box_tests.hash_map_reserve
17/57 Test: white_box_tests.hash_map_reserve
Command: "/mnt/c/Users/madal/OneDrive/Рабочий стол/IVS/build/white_box_test" "--gtest_filter=white_box_tests.hash_map_reserve" "--gtest_also_run_disabled_tests"
Directory: /mnt/c/Users/madal/OneDrive/Рабочий стол/IVS/build
"white_box_tests.hash_map_reserve" start time: Feb 18 16:37 CET
Output:
----------------------------------------------------------
Running main() from /mnt/c/Users/madal/OneDrive/Рабочий стол/IVS/build/_deps/googletest-src/googletest/src/gtest_main.cc
Note: Google Test filter = white_box_tests.hash_map_reserve
[==========] Running 1 test from 1 test suite.
[----------] Global test environment set-up.
[----------] 1 test from white_box_tests
[ RUN      ] white_box_tests.hash_map_reserve
[       OK ] white_box_tests.hash_map_reserve (0 ms)
[----------] 1 test from white_box_tests (0 ms total)

[----------] Global test environment tear-down
[==========] 1 test from 1 test suite ran. (0 ms total)
[  PASSED  ] 1 test.
<end of output>
Test time =   0.09 sec
----------------------------------------------------------
Test Passed.
"white_box_tests.hash_map_reserve" end time: Feb 18 16:37 CET
"white_box_tests.hash_map_reserve" time elapsed: 00:00:00
----------------------------------------------------------

18/57 Testing: white_box_tests.hash_map_size
18/57 Test: white_box_tests.hash_map_size
Command: "/mnt/c/Users/madal/OneDrive/Рабочий стол/IVS/build/white_box_test" "--gtest_filter=white_box_tests.hash_map_size" "--gtest_also_run_disabled_tests"
Directory: /mnt/c/Users/madal/OneDrive/Рабочий стол/IVS/build
"white_box_tests.hash_map_size" start time: Feb 18 16:37 CET
Output:
----------------------------------------------------------
Running main() from /mnt/c/Users/madal/OneDrive/Рабочий стол/IVS/build/_deps/googletest-src/googletest/src/gtest_main.cc
Note: Google Test filter = white_box_tests.hash_map_size
[==========] Running 1 test from 1 test suite.
[----------] Global test environment set-up.
[----------] 1 test from white_box_tests
[ RUN      ] white_box_tests.hash_map_size
[       OK ] white_box_tests.hash_map_size (0 ms)
[----------] 1 test from white_box_tests (0 ms total)

[----------] Global test environment tear-down
[==========] 1 test from 1 test suite ran. (0 ms total)
[  PASSED  ] 1 test.
<end of output>
Test time =   0.08 sec
----------------------------------------------------------
Test Passed.
"white_box_tests.hash_map_size" end time: Feb 18 16:37 CET
"white_box_tests.hash_map_size" time elapsed: 00:00:00
----------------------------------------------------------

19/57 Testing: white_box_tests.hash_map_capacity
19/57 Test: white_box_tests.hash_map_capacity
Command: "/mnt/c/Users/madal/OneDrive/Рабочий стол/IVS/build/white_box_test" "--gtest_filter=white_box_tests.hash_map_capacity" "--gtest_also_run_disabled_tests"
Directory: /mnt/c/Users/madal/OneDrive/Рабочий стол/IVS/build
"white_box_tests.hash_map_capacity" start time: Feb 18 16:37 CET
Output:
----------------------------------------------------------
Running main() from /mnt/c/Users/madal/OneDrive/Рабочий стол/IVS/build/_deps/googletest-src/googletest/src/gtest_main.cc
Note: Google Test filter = white_box_tests.hash_map_capacity
[==========] Running 1 test from 1 test suite.
[----------] Global test environment set-up.
[----------] 1 test from white_box_tests
[ RUN      ] white_box_tests.hash_map_capacity
[       OK ] white_box_tests.hash_map_capacity (0 ms)
[----------] 1 test from white_box_tests (0 ms total)

[----------] Global test environment tear-down
[==========] 1 test from 1 test suite ran. (0 ms total)
[  PASSED  ] 1 test.
<end of output>
Test time =   0.09 sec
----------------------------------------------------------
Test Passed.
"white_box_tests.hash_map_capacity" end time: Feb 18 16:37 CET
"white_box_tests.hash_map_capacity" time elapsed: 00:00:00
----------------------------------------------------------

20/57 Testing: white_box_tests.hash_map_contains
20/57 Test: white_box_tests.hash_map_contains
Command: "/mnt/c/Users/madal/OneDrive/Рабочий стол/IVS/build/white_box_test" "--gtest_filter=white_box_tests.hash_map_contains" "--gtest_also_run_disabled_tests"
Directory: /mnt/c/Users/madal/OneDrive/Рабочий стол/IVS/build
"white_box_tests.hash_map_contains" start time: Feb 18 16:37 CET
Output:
----------------------------------------------------------
Running main() from /mnt/c/Users/madal/OneDrive/Рабочий стол/IVS/build/_deps/googletest-src/googletest/src/gtest_main.cc
Note: Google Test filter = white_box_tests.hash_map_contains
[==========] Running 1 test from 1 test suite.
[----------] Global test environment set-up.
[----------] 1 test from white_box_tests
[ RUN      ] white_box_tests.hash_map_contains
[       OK ] white_box_tests.hash_map_contains (0 ms)
[----------] 1 test from white_box_tests (0 ms total)

[----------] Global test environment tear-down
[==========] 1 test from 1 test suite ran. (0 ms total)
[  PASSED  ] 1 test.
<end of output>
Test time =   0.08 sec
----------------------------------------------------------
Test Passed.
"white_box_tests.hash_map_contains" end time: Feb 18 16:37 CET
"white_box_tests.hash_map_contains" time elapsed: 00:00:00
----------------------------------------------------------

21/57 Testing: white_box_tests.hash_map_put
21/57 Test: white_box_tests.hash_map_put
Command: "/mnt/c/Users/madal/OneDrive/Рабочий стол/IVS/build/white_box_test" "--gtest_filter=white_box_tests.hash_map_put" "--gtest_also_run_disabled_tests"
Directory: /mnt/c/Users/madal/OneDrive/Рабочий стол/IVS/build
"white_box_tests.hash_map_put" start time: Feb 18 16:37 CET
Output:
----------------------------------------------------------
Running main() from /mnt/c/Users/madal/OneDrive/Рабочий стол/IVS/build/_deps/googletest-src/googletest/src/gtest_main.cc
Note: Google Test filter = white_box_tests.hash_map_put
[==========] Running 1 test from 1 test suite.
[----------] Global test environment set-up.
[----------] 1 test from white_box_tests
[ RUN      ] white_box_tests.hash_map_put
[       OK ] white_box_tests.hash_map_put (0 ms)
[----------] 1 test from white_box_tests (0 ms total)

[----------] Global test environment tear-down
[==========] 1 test from 1 test suite ran. (0 ms total)
[  PASSED  ] 1 test.
<end of output>
Test time =   0.09 sec
----------------------------------------------------------
Test Passed.
"white_box_tests.hash_map_put" end time: Feb 18 16:37 CET
"white_box_tests.hash_map_put" time elapsed: 00:00:00
----------------------------------------------------------

22/57 Testing: white_box_tests.hash_map_get
22/57 Test: white_box_tests.hash_map_get
Command: "/mnt/c/Users/madal/OneDrive/Рабочий стол/IVS/build/white_box_test" "--gtest_filter=white_box_tests.hash_map_get" "--gtest_also_run_disabled_tests"
Directory: /mnt/c/Users/madal/OneDrive/Рабочий стол/IVS/build
"white_box_tests.hash_map_get" start time: Feb 18 16:37 CET
Output:
----------------------------------------------------------
Running main() from /mnt/c/Users/madal/OneDrive/Рабочий стол/IVS/build/_deps/googletest-src/googletest/src/gtest_main.cc
Note: Google Test filter = white_box_tests.hash_map_get
[==========] Running 1 test from 1 test suite.
[----------] Global test environment set-up.
[----------] 1 test from white_box_tests
[ RUN      ] white_box_tests.hash_map_get
[       OK ] white_box_tests.hash_map_get (0 ms)
[----------] 1 test from white_box_tests (0 ms total)

[----------] Global test environment tear-down
[==========] 1 test from 1 test suite ran. (0 ms total)
[  PASSED  ] 1 test.
<end of output>
Test time =   0.06 sec
----------------------------------------------------------
Test Passed.
"white_box_tests.hash_map_get" end time: Feb 18 16:37 CET
"white_box_tests.hash_map_get" time elapsed: 00:00:00
----------------------------------------------------------

23/57 Testing: white_box_tests.hash_map_remove
23/57 Test: white_box_tests.hash_map_remove
Command: "/mnt/c/Users/madal/OneDrive/Рабочий стол/IVS/build/white_box_test" "--gtest_filter=white_box_tests.hash_map_remove" "--gtest_also_run_disabled_tests"
Directory: /mnt/c/Users/madal/OneDrive/Рабочий стол/IVS/build
"white_box_tests.hash_map_remove" start time: Feb 18 16:37 CET
Output:
----------------------------------------------------------
Running main() from /mnt/c/Users/madal/OneDrive/Рабочий стол/IVS/build/_deps/googletest-src/googletest/src/gtest_main.cc
Note: Google Test filter = white_box_tests.hash_map_remove
[==========] Running 1 test from 1 test suite.
[----------] Global test environment set-up.
[----------] 1 test from white_box_tests
[ RUN      ] white_box_tests.hash_map_remove
[       OK ] white_box_tests.hash_map_remove (0 ms)
[----------] 1 test from white_box_tests (0 ms total)

[----------] Global test environment tear-down
[==========] 1 test from 1 test suite ran. (0 ms total)
[  PASSED  ] 1 test.
<end of output>
Test time =   0.05 sec
----------------------------------------------------------
Test Passed.
"white_box_tests.hash_map_remove" end time: Feb 18 16:37 CET
"white_box_tests.hash_map_remove" time elapsed: 00:00:00
----------------------------------------------------------

24/57 Testing: white_box_tests.hash_map_pop
24/57 Test: white_box_tests.hash_map_pop
Command: "/mnt/c/Users/madal/OneDrive/Рабочий стол/IVS/build/white_box_test" "--gtest_filter=white_box_tests.hash_map_pop" "--gtest_also_run_disabled_tests"
Directory: /mnt/c/Users/madal/OneDrive/Рабочий стол/IVS/build
"white_box_tests.hash_map_pop" start time: Feb 18 16:37 CET
Output:
----------------------------------------------------------
Running main() from /mnt/c/Users/madal/OneDrive/Рабочий стол/IVS/build/_deps/googletest-src/googletest/src/gtest_main.cc
Note: Google Test filter = white_box_tests.hash_map_pop
[==========] Running 1 test from 1 test suite.
[----------] Global test environment set-up.
[----------] 1 test from white_box_tests
[ RUN      ] white_box_tests.hash_map_pop
[       OK ] white_box_tests.hash_map_pop (0 ms)
[----------] 1 test from white_box_tests (0 ms total)

[----------] Global test environment tear-down
[==========] 1 test from 1 test suite ran. (0 ms total)
[  PASSED  ] 1 test.
<end of output>
Test time =   0.07 sec
----------------------------------------------------------
Test Passed.
"white_box_tests.hash_map_pop" end time: Feb 18 16:37 CET
"white_box_tests.hash_map_pop" time elapsed: 00:00:00
----------------------------------------------------------

25/57 Testing: NonEmptyGraph.nodes
25/57 Test: NonEmptyGraph.nodes
Command: "/mnt/c/Users/madal/OneDrive/Рабочий стол/IVS/build/tdd_test" "--gtest_filter=NonEmptyGraph.nodes" "--gtest_also_run_disabled_tests"
Directory: /mnt/c/Users/madal/OneDrive/Рабочий стол/IVS/build
"NonEmptyGraph.nodes" start time: Feb 18 16:37 CET
Output:
----------------------------------------------------------
Running main() from /mnt/c/Users/madal/OneDrive/Рабочий стол/IVS/build/_deps/googletest-src/googletest/src/gtest_main.cc
Note: Google Test filter = NonEmptyGraph.nodes
[==========] Running 1 test from 1 test suite.
[----------] Global test environment set-up.
[----------] 1 test from NonEmptyGraph
[ RUN      ] NonEmptyGraph.nodes
/mnt/c/Users/madal/OneDrive/Рабочий стол/IVS/tdd_tests.cpp:56: Failure
Value of: nodes
Expected: has 5 elements and there exists some permutation of elements such that:
 - element #0 is an object whose given field is equal to 1, and
 - element #1 is an object whose given field is equal to 4, and
 - element #2 is an object whose given field is equal to 5, and
 - element #3 is an object whose given field is equal to 6, and
 - element #4 is an object whose given field is equal to 7
  Actual: {}
[  FAILED  ] NonEmptyGraph.nodes (0 ms)
[----------] 1 test from NonEmptyGraph (0 ms total)

[----------] Global test environment tear-down
[==========] 1 test from 1 test suite ran. (0 ms total)
[  PASSED  ] 0 tests.
[  FAILED  ] 1 test, listed below:
[  FAILED  ] NonEmptyGraph.nodes

 1 FAILED TEST
<end of output>
Test time =   0.06 sec
----------------------------------------------------------
Test Failed.
"NonEmptyGraph.nodes" end time: Feb 18 16:37 CET
"NonEmptyGraph.nodes" time elapsed: 00:00:00
----------------------------------------------------------

26/57 Testing: NonEmptyGraph.edges
26/57 Test: NonEmptyGraph.edges
Command: "/mnt/c/Users/madal/OneDrive/Рабочий стол/IVS/build/tdd_test" "--gtest_filter=NonEmptyGraph.edges" "--gtest_also_run_disabled_tests"
Directory: /mnt/c/Users/madal/OneDrive/Рабочий стол/IVS/build
"NonEmptyGraph.edges" start time: Feb 18 16:37 CET
Output:
----------------------------------------------------------
Running main() from /mnt/c/Users/madal/OneDrive/Рабочий стол/IVS/build/_deps/googletest-src/googletest/src/gtest_main.cc
Note: Google Test filter = NonEmptyGraph.edges
[==========] Running 1 test from 1 test suite.
[----------] Global test environment set-up.
[----------] 1 test from NonEmptyGraph
[ RUN      ] NonEmptyGraph.edges
/mnt/c/Users/madal/OneDrive/Рабочий стол/IVS/tdd_tests.cpp:71: Failure
Value of: edges
Expected: has 6 elements and there exists some permutation of elements such that:
 - element #0 is equal to {1, 4}, and
 - element #1 is equal to {1, 5}, and
 - element #2 is equal to {4, 6}, and
 - element #3 is equal to {5, 6}, and
 - element #4 is equal to {5, 7}, and
 - element #5 is equal to {7, 6}
  Actual: {}
[  FAILED  ] NonEmptyGraph.edges (0 ms)
[----------] 1 test from NonEmptyGraph (0 ms total)

[----------] Global test environment tear-down
[==========] 1 test from 1 test suite ran. (0 ms total)
[  PASSED  ] 0 tests.
[  FAILED  ] 1 test, listed below:
[  FAILED  ] NonEmptyGraph.edges

 1 FAILED TEST
<end of output>
Test time =   0.07 sec
----------------------------------------------------------
Test Failed.
"NonEmptyGraph.edges" end time: Feb 18 16:37 CET
"NonEmptyGraph.edges" time elapsed: 00:00:00
----------------------------------------------------------

27/57 Testing: NonEmptyGraph.addNode
27/57 Test: NonEmptyGraph.addNode
Command: "/mnt/c/Users/madal/OneDrive/Рабочий стол/IVS/build/tdd_test" "--gtest_filter=NonEmptyGraph.addNode" "--gtest_also_run_disabled_tests"
Directory: /mnt/c/Users/madal/OneDrive/Рабочий стол/IVS/build
"NonEmptyGraph.addNode" start time: Feb 18 16:37 CET
Output:
----------------------------------------------------------
Running main() from /mnt/c/Users/madal/OneDrive/Рабочий стол/IVS/build/_deps/googletest-src/googletest/src/gtest_main.cc
Note: Google Test filter = NonEmptyGraph.addNode
[==========] Running 1 test from 1 test suite.
[----------] Global test environment set-up.
[----------] 1 test from NonEmptyGraph
[ RUN      ] NonEmptyGraph.addNode
/mnt/c/Users/madal/OneDrive/Рабочий стол/IVS/tdd_tests.cpp:77: Failure
Expected: (node) != (nullptr), actual: NULL vs (nullptr)
[  FAILED  ] NonEmptyGraph.addNode (0 ms)
[----------] 1 test from NonEmptyGraph (0 ms total)

[----------] Global test environment tear-down
[==========] 1 test from 1 test suite ran. (0 ms total)
[  PASSED  ] 0 tests.
[  FAILED  ] 1 test, listed below:
[  FAILED  ] NonEmptyGraph.addNode

 1 FAILED TEST
<end of output>
Test time =   0.05 sec
----------------------------------------------------------
Test Failed.
"NonEmptyGraph.addNode" end time: Feb 18 16:38 CET
"NonEmptyGraph.addNode" time elapsed: 00:00:00
----------------------------------------------------------

28/57 Testing: NonEmptyGraph.addEdge
28/57 Test: NonEmptyGraph.addEdge
Command: "/mnt/c/Users/madal/OneDrive/Рабочий стол/IVS/build/tdd_test" "--gtest_filter=NonEmptyGraph.addEdge" "--gtest_also_run_disabled_tests"
Directory: /mnt/c/Users/madal/OneDrive/Рабочий стол/IVS/build
"NonEmptyGraph.addEdge" start time: Feb 18 16:38 CET
Output:
----------------------------------------------------------
Running main() from /mnt/c/Users/madal/OneDrive/Рабочий стол/IVS/build/_deps/googletest-src/googletest/src/gtest_main.cc
Note: Google Test filter = NonEmptyGraph.addEdge
[==========] Running 1 test from 1 test suite.
[----------] Global test environment set-up.
[----------] 1 test from NonEmptyGraph
[ RUN      ] NonEmptyGraph.addEdge
/mnt/c/Users/madal/OneDrive/Рабочий стол/IVS/tdd_tests.cpp:101: Failure
Value of: graph.addEdge(Edge(1, 8))
  Actual: false
Expected: true
/mnt/c/Users/madal/OneDrive/Рабочий стол/IVS/tdd_tests.cpp:103: Failure
Value of: edges
Expected: has 7 elements and there exists some permutation of elements such that:
 - element #0 is equal to {1, 4}, and
 - element #1 is equal to {1, 5}, and
 - element #2 is equal to {1, 8}, and
 - element #3 is equal to {4, 6}, and
 - element #4 is equal to {5, 6}, and
 - element #5 is equal to {5, 7}, and
 - element #6 is equal to {7, 6}
  Actual: {}
/mnt/c/Users/madal/OneDrive/Рабочий стол/IVS/tdd_tests.cpp:108: Failure
Value of: edges
Expected: has 7 elements and there exists some permutation of elements such that:
 - element #0 is equal to {1, 4}, and
 - element #1 is equal to {1, 5}, and
 - element #2 is equal to {1, 8}, and
 - element #3 is equal to {4, 6}, and
 - element #4 is equal to {5, 6}, and
 - element #5 is equal to {5, 7}, and
 - element #6 is equal to {7, 6}
  Actual: {}
/mnt/c/Users/madal/OneDrive/Рабочий стол/IVS/tdd_tests.cpp:113: Failure
Value of: edges
Expected: has 7 elements and there exists some permutation of elements such that:
 - element #0 is equal to {1, 4}, and
 - element #1 is equal to {1, 5}, and
 - element #2 is equal to {1, 8}, and
 - element #3 is equal to {4, 6}, and
 - element #4 is equal to {5, 6}, and
 - element #5 is equal to {5, 7}, and
 - element #6 is equal to {7, 6}
  Actual: {}
/mnt/c/Users/madal/OneDrive/Рабочий стол/IVS/tdd_tests.cpp:118: Failure
Value of: edges
Expected: has 7 elements and there exists some permutation of elements such that:
 - element #0 is equal to {1, 4}, and
 - element #1 is equal to {1, 5}, and
 - element #2 is equal to {1, 8}, and
 - element #3 is equal to {4, 6}, and
 - element #4 is equal to {5, 6}, and
 - element #5 is equal to {5, 7}, and
 - element #6 is equal to {7, 6}
  Actual: {}
[  FAILED  ] NonEmptyGraph.addEdge (0 ms)
[----------] 1 test from NonEmptyGraph (0 ms total)

[----------] Global test environment tear-down
[==========] 1 test from 1 test suite ran. (0 ms total)
[  PASSED  ] 0 tests.
[  FAILED  ] 1 test, listed below:
[  FAILED  ] NonEmptyGraph.addEdge

 1 FAILED TEST
<end of output>
Test time =   0.06 sec
----------------------------------------------------------
Test Failed.
"NonEmptyGraph.addEdge" end time: Feb 18 16:38 CET
"NonEmptyGraph.addEdge" time elapsed: 00:00:00
----------------------------------------------------------

29/57 Testing: NonEmptyGraph.addMultipleEdges
29/57 Test: NonEmptyGraph.addMultipleEdges
Command: "/mnt/c/Users/madal/OneDrive/Рабочий стол/IVS/build/tdd_test" "--gtest_filter=NonEmptyGraph.addMultipleEdges" "--gtest_also_run_disabled_tests"
Directory: /mnt/c/Users/madal/OneDrive/Рабочий стол/IVS/build
"NonEmptyGraph.addMultipleEdges" start time: Feb 18 16:38 CET
Output:
----------------------------------------------------------
Running main() from /mnt/c/Users/madal/OneDrive/Рабочий стол/IVS/build/_deps/googletest-src/googletest/src/gtest_main.cc
Note: Google Test filter = NonEmptyGraph.addMultipleEdges
[==========] Running 1 test from 1 test suite.
[----------] Global test environment set-up.
[----------] 1 test from NonEmptyGraph
[ RUN      ] NonEmptyGraph.addMultipleEdges
/mnt/c/Users/madal/OneDrive/Рабочий стол/IVS/tdd_tests.cpp:130: Failure
Value of: graph.nodes()
Expected: has 9 elements and there exists some permutation of elements such that:
 - element #0 is an object whose given field is equal to 1, and
 - element #1 is an object whose given field is equal to 4, and
 - element #2 is an object whose given field is equal to 5, and
 - element #3 is an object whose given field is equal to 6, and
 - element #4 is an object whose given field is equal to 7, and
 - element #5 is an object whose given field is equal to 10, and
 - element #6 is an object whose given field is equal to 40, and
 - element #7 is an object whose given field is equal to 70, and
 - element #8 is an object whose given field is equal to 60
  Actual: {}
/mnt/c/Users/madal/OneDrive/Рабочий стол/IVS/tdd_tests.cpp:140: Failure
Value of: graph.edges()
Expected: has 9 elements and there exists some permutation of elements such that:
 - element #0 is equal to {1, 4}, and
 - element #1 is equal to {1, 5}, and
 - element #2 is equal to {4, 6}, and
 - element #3 is equal to {5, 6}, and
 - element #4 is equal to {5, 7}, and
 - element #5 is equal to {7, 6}, and
 - element #6 is equal to {10, 40}, and
 - element #7 is equal to {10, 1}, and
 - element #8 is equal to {70, 60}
  Actual: {}
[  FAILED  ] NonEmptyGraph.addMultipleEdges (0 ms)
[----------] 1 test from NonEmptyGraph (0 ms total)

[----------] Global test environment tear-down
[==========] 1 test from 1 test suite ran. (0 ms total)
[  PASSED  ] 0 tests.
[  FAILED  ] 1 test, listed below:
[  FAILED  ] NonEmptyGraph.addMultipleEdges

 1 FAILED TEST
<end of output>
Test time =   0.07 sec
----------------------------------------------------------
Test Failed.
"NonEmptyGraph.addMultipleEdges" end time: Feb 18 16:38 CET
"NonEmptyGraph.addMultipleEdges" time elapsed: 00:00:00
----------------------------------------------------------

30/57 Testing: NonEmptyGraph.getNode
30/57 Test: NonEmptyGraph.getNode
Command: "/mnt/c/Users/madal/OneDrive/Рабочий стол/IVS/build/tdd_test" "--gtest_filter=NonEmptyGraph.getNode" "--gtest_also_run_disabled_tests"
Directory: /mnt/c/Users/madal/OneDrive/Рабочий стол/IVS/build
"NonEmptyGraph.getNode" start time: Feb 18 16:38 CET
Output:
----------------------------------------------------------
Running main() from /mnt/c/Users/madal/OneDrive/Рабочий стол/IVS/build/_deps/googletest-src/googletest/src/gtest_main.cc
Note: Google Test filter = NonEmptyGraph.getNode
[==========] Running 1 test from 1 test suite.
[----------] Global test environment set-up.
[----------] 1 test from NonEmptyGraph
[ RUN      ] NonEmptyGraph.getNode
/mnt/c/Users/madal/OneDrive/Рабочий стол/IVS/tdd_tests.cpp:148: Failure
Expected: (node) != (nullptr), actual: NULL vs (nullptr)
[  FAILED  ] NonEmptyGraph.getNode (0 ms)
[----------] 1 test from NonEmptyGraph (0 ms total)

[----------] Global test environment tear-down
[==========] 1 test from 1 test suite ran. (0 ms total)
[  PASSED  ] 0 tests.
[  FAILED  ] 1 test, listed below:
[  FAILED  ] NonEmptyGraph.getNode

 1 FAILED TEST
<end of output>
Test time =   0.07 sec
----------------------------------------------------------
Test Failed.
"NonEmptyGraph.getNode" end time: Feb 18 16:38 CET
"NonEmptyGraph.getNode" time elapsed: 00:00:00
----------------------------------------------------------

31/57 Testing: NonEmptyGraph.containsEdge
31/57 Test: NonEmptyGraph.containsEdge
Command: "/mnt/c/Users/madal/OneDrive/Рабочий стол/IVS/build/tdd_test" "--gtest_filter=NonEmptyGraph.containsEdge" "--gtest_also_run_disabled_tests"
Directory: /mnt/c/Users/madal/OneDrive/Рабочий стол/IVS/build
"NonEmptyGraph.containsEdge" start time: Feb 18 16:38 CET
Output:
----------------------------------------------------------
Running main() from /mnt/c/Users/madal/OneDrive/Рабочий стол/IVS/build/_deps/googletest-src/googletest/src/gtest_main.cc
Note: Google Test filter = NonEmptyGraph.containsEdge
[==========] Running 1 test from 1 test suite.
[----------] Global test environment set-up.
[----------] 1 test from NonEmptyGraph
[ RUN      ] NonEmptyGraph.containsEdge
/mnt/c/Users/madal/OneDrive/Рабочий стол/IVS/tdd_tests.cpp:155: Failure
Value of: graph.containsEdge(Edge(1, 4))
  Actual: false
Expected: true
/mnt/c/Users/madal/OneDrive/Рабочий стол/IVS/tdd_tests.cpp:156: Failure
Value of: graph.containsEdge(Edge(4, 1))
  Actual: false
Expected: true
[  FAILED  ] NonEmptyGraph.containsEdge (0 ms)
[----------] 1 test from NonEmptyGraph (0 ms total)

[----------] Global test environment tear-down
[==========] 1 test from 1 test suite ran. (0 ms total)
[  PASSED  ] 0 tests.
[  FAILED  ] 1 test, listed below:
[  FAILED  ] NonEmptyGraph.containsEdge

 1 FAILED TEST
<end of output>
Test time =   0.05 sec
----------------------------------------------------------
Test Failed.
"NonEmptyGraph.containsEdge" end time: Feb 18 16:38 CET
"NonEmptyGraph.containsEdge" time elapsed: 00:00:00
----------------------------------------------------------

32/57 Testing: NonEmptyGraph.removeNode
32/57 Test: NonEmptyGraph.removeNode
Command: "/mnt/c/Users/madal/OneDrive/Рабочий стол/IVS/build/tdd_test" "--gtest_filter=NonEmptyGraph.removeNode" "--gtest_also_run_disabled_tests"
Directory: /mnt/c/Users/madal/OneDrive/Рабочий стол/IVS/build
"NonEmptyGraph.removeNode" start time: Feb 18 16:38 CET
Output:
----------------------------------------------------------
Running main() from /mnt/c/Users/madal/OneDrive/Рабочий стол/IVS/build/_deps/googletest-src/googletest/src/gtest_main.cc
Note: Google Test filter = NonEmptyGraph.removeNode
[==========] Running 1 test from 1 test suite.
[----------] Global test environment set-up.
[----------] 1 test from NonEmptyGraph
[ RUN      ] NonEmptyGraph.removeNode
/mnt/c/Users/madal/OneDrive/Рабочий стол/IVS/tdd_tests.cpp:169: Failure
Value of: nodes
Expected: has 4 elements and there exists some permutation of elements such that:
 - element #0 is an object whose given field is equal to 4, and
 - element #1 is an object whose given field is equal to 5, and
 - element #2 is an object whose given field is equal to 6, and
 - element #3 is an object whose given field is equal to 7
  Actual: {}
/mnt/c/Users/madal/OneDrive/Рабочий стол/IVS/tdd_tests.cpp:175: Failure
Value of: edges
Expected: has 4 elements and there exists some permutation of elements such that:
 - element #0 is equal to {4, 6}, and
 - element #1 is equal to {5, 6}, and
 - element #2 is equal to {5, 7}, and
 - element #3 is equal to {7, 6}
  Actual: {}
/mnt/c/Users/madal/OneDrive/Рабочий стол/IVS/tdd_tests.cpp:177: Failure
Expected: graph.removeNode(1) throws an exception of type std::out_of_range.
  Actual: it throws nothing.
[  FAILED  ] NonEmptyGraph.removeNode (0 ms)
[----------] 1 test from NonEmptyGraph (0 ms total)

[----------] Global test environment tear-down
[==========] 1 test from 1 test suite ran. (0 ms total)
[  PASSED  ] 0 tests.
[  FAILED  ] 1 test, listed below:
[  FAILED  ] NonEmptyGraph.removeNode

 1 FAILED TEST
<end of output>
Test time =   0.07 sec
----------------------------------------------------------
Test Failed.
"NonEmptyGraph.removeNode" end time: Feb 18 16:38 CET
"NonEmptyGraph.removeNode" time elapsed: 00:00:00
----------------------------------------------------------

33/57 Testing: NonEmptyGraph.removeEdge
33/57 Test: NonEmptyGraph.removeEdge
Command: "/mnt/c/Users/madal/OneDrive/Рабочий стол/IVS/build/tdd_test" "--gtest_filter=NonEmptyGraph.removeEdge" "--gtest_also_run_disabled_tests"
Directory: /mnt/c/Users/madal/OneDrive/Рабочий стол/IVS/build
"NonEmptyGraph.removeEdge" start time: Feb 18 16:38 CET
Output:
----------------------------------------------------------
Running main() from /mnt/c/Users/madal/OneDrive/Рабочий стол/IVS/build/_deps/googletest-src/googletest/src/gtest_main.cc
Note: Google Test filter = NonEmptyGraph.removeEdge
[==========] Running 1 test from 1 test suite.
[----------] Global test environment set-up.
[----------] 1 test from NonEmptyGraph
[ RUN      ] NonEmptyGraph.removeEdge
/mnt/c/Users/madal/OneDrive/Рабочий стол/IVS/tdd_tests.cpp:183: Failure
Value of: edges
Expected: has 5 elements and there exists some permutation of elements such that:
 - element #0 is equal to {1, 5}, and
 - element #1 is equal to {4, 6}, and
 - element #2 is equal to {5, 6}, and
 - element #3 is equal to {5, 7}, and
 - element #4 is equal to {7, 6}
  Actual: {}
/mnt/c/Users/madal/OneDrive/Рабочий стол/IVS/tdd_tests.cpp:186: Failure
Expected: graph.removeEdge(Edge(1, 4)) throws an exception of type std::out_of_range.
  Actual: it throws nothing.
[  FAILED  ] NonEmptyGraph.removeEdge (0 ms)
[----------] 1 test from NonEmptyGraph (0 ms total)

[----------] Global test environment tear-down
[==========] 1 test from 1 test suite ran. (0 ms total)
[  PASSED  ] 0 tests.
[  FAILED  ] 1 test, listed below:
[  FAILED  ] NonEmptyGraph.removeEdge

 1 FAILED TEST
<end of output>
Test time =   0.05 sec
----------------------------------------------------------
Test Failed.
"NonEmptyGraph.removeEdge" end time: Feb 18 16:38 CET
"NonEmptyGraph.removeEdge" time elapsed: 00:00:00
----------------------------------------------------------

34/57 Testing: NonEmptyGraph.nodeCount
34/57 Test: NonEmptyGraph.nodeCount
Command: "/mnt/c/Users/madal/OneDrive/Рабочий стол/IVS/build/tdd_test" "--gtest_filter=NonEmptyGraph.nodeCount" "--gtest_also_run_disabled_tests"
Directory: /mnt/c/Users/madal/OneDrive/Рабочий стол/IVS/build
"NonEmptyGraph.nodeCount" start time: Feb 18 16:38 CET
Output:
----------------------------------------------------------
Running main() from /mnt/c/Users/madal/OneDrive/Рабочий стол/IVS/build/_deps/googletest-src/googletest/src/gtest_main.cc
Note: Google Test filter = NonEmptyGraph.nodeCount
[==========] Running 1 test from 1 test suite.
[----------] Global test environment set-up.
[----------] 1 test from NonEmptyGraph
[ RUN      ] NonEmptyGraph.nodeCount
/mnt/c/Users/madal/OneDrive/Рабочий стол/IVS/tdd_tests.cpp:190: Failure
Expected equality of these values:
  graph.nodeCount()
    Which is: 42
  5
[  FAILED  ] NonEmptyGraph.nodeCount (0 ms)
[----------] 1 test from NonEmptyGraph (0 ms total)

[----------] Global test environment tear-down
[==========] 1 test from 1 test suite ran. (0 ms total)
[  PASSED  ] 0 tests.
[  FAILED  ] 1 test, listed below:
[  FAILED  ] NonEmptyGraph.nodeCount

 1 FAILED TEST
<end of output>
Test time =   0.09 sec
----------------------------------------------------------
Test Failed.
"NonEmptyGraph.nodeCount" end time: Feb 18 16:38 CET
"NonEmptyGraph.nodeCount" time elapsed: 00:00:00
----------------------------------------------------------

35/57 Testing: NonEmptyGraph.edgeCount
35/57 Test: NonEmptyGraph.edgeCount
Command: "/mnt/c/Users/madal/OneDrive/Рабочий стол/IVS/build/tdd_test" "--gtest_filter=NonEmptyGraph.edgeCount" "--gtest_also_run_disabled_tests"
Directory: /mnt/c/Users/madal/OneDrive/Рабочий стол/IVS/build
"NonEmptyGraph.edgeCount" start time: Feb 18 16:38 CET
Output:
----------------------------------------------------------
Running main() from /mnt/c/Users/madal/OneDrive/Рабочий стол/IVS/build/_deps/googletest-src/googletest/src/gtest_main.cc
Note: Google Test filter = NonEmptyGraph.edgeCount
[==========] Running 1 test from 1 test suite.
[----------] Global test environment set-up.
[----------] 1 test from NonEmptyGraph
[ RUN      ] NonEmptyGraph.edgeCount
/mnt/c/Users/madal/OneDrive/Рабочий стол/IVS/tdd_tests.cpp:194: Failure
Expected equality of these values:
  graph.edgeCount()
    Which is: 42
  6
[  FAILED  ] NonEmptyGraph.edgeCount (0 ms)
[----------] 1 test from NonEmptyGraph (0 ms total)

[----------] Global test environment tear-down
[==========] 1 test from 1 test suite ran. (0 ms total)
[  PASSED  ] 0 tests.
[  FAILED  ] 1 test, listed below:
[  FAILED  ] NonEmptyGraph.edgeCount

 1 FAILED TEST
<end of output>
Test time =   0.06 sec
----------------------------------------------------------
Test Failed.
"NonEmptyGraph.edgeCount" end time: Feb 18 16:38 CET
"NonEmptyGraph.edgeCount" time elapsed: 00:00:00
----------------------------------------------------------

36/57 Testing: NonEmptyGraph.nodeDegree
36/57 Test: NonEmptyGraph.nodeDegree
Command: "/mnt/c/Users/madal/OneDrive/Рабочий стол/IVS/build/tdd_test" "--gtest_filter=NonEmptyGraph.nodeDegree" "--gtest_also_run_disabled_tests"
Directory: /mnt/c/Users/madal/OneDrive/Рабочий стол/IVS/build
"NonEmptyGraph.nodeDegree" start time: Feb 18 16:38 CET
Output:
----------------------------------------------------------
Running main() from /mnt/c/Users/madal/OneDrive/Рабочий стол/IVS/build/_deps/googletest-src/googletest/src/gtest_main.cc
Note: Google Test filter = NonEmptyGraph.nodeDegree
[==========] Running 1 test from 1 test suite.
[----------] Global test environment set-up.
[----------] 1 test from NonEmptyGraph
[ RUN      ] NonEmptyGraph.nodeDegree
/mnt/c/Users/madal/OneDrive/Рабочий стол/IVS/tdd_tests.cpp:198: Failure
Expected equality of these values:
  graph.nodeDegree(1)
    Which is: 42
  2
/mnt/c/Users/madal/OneDrive/Рабочий стол/IVS/tdd_tests.cpp:199: Failure
Expected equality of these values:
  graph.nodeDegree(4)
    Which is: 42
  2
/mnt/c/Users/madal/OneDrive/Рабочий стол/IVS/tdd_tests.cpp:200: Failure
Expected equality of these values:
  graph.nodeDegree(5)
    Which is: 42
  3
/mnt/c/Users/madal/OneDrive/Рабочий стол/IVS/tdd_tests.cpp:201: Failure
Expected equality of these values:
  graph.nodeDegree(6)
    Which is: 42
  3
/mnt/c/Users/madal/OneDrive/Рабочий стол/IVS/tdd_tests.cpp:202: Failure
Expected equality of these values:
  graph.nodeDegree(7)
    Which is: 42
  2
/mnt/c/Users/madal/OneDrive/Рабочий стол/IVS/tdd_tests.cpp:203: Failure
Expected: graph.nodeDegree(9) throws an exception of type std::out_of_range.
  Actual: it throws nothing.
[  FAILED  ] NonEmptyGraph.nodeDegree (0 ms)
[----------] 1 test from NonEmptyGraph (0 ms total)

[----------] Global test environment tear-down
[==========] 1 test from 1 test suite ran. (0 ms total)
[  PASSED  ] 0 tests.
[  FAILED  ] 1 test, listed below:
[  FAILED  ] NonEmptyGraph.nodeDegree

 1 FAILED TEST
<end of output>
Test time =   0.05 sec
----------------------------------------------------------
Test Failed.
"NonEmptyGraph.nodeDegree" end time: Feb 18 16:38 CET
"NonEmptyGraph.nodeDegree" time elapsed: 00:00:00
----------------------------------------------------------

37/57 Testing: NonEmptyGraph.graphDegree
37/57 Test: NonEmptyGraph.graphDegree
Command: "/mnt/c/Users/madal/OneDrive/Рабочий стол/IVS/build/tdd_test" "--gtest_filter=NonEmptyGraph.graphDegree" "--gtest_also_run_disabled_tests"
Directory: /mnt/c/Users/madal/OneDrive/Рабочий стол/IVS/build
"NonEmptyGraph.graphDegree" start time: Feb 18 16:38 CET
Output:
----------------------------------------------------------
Running main() from /mnt/c/Users/madal/OneDrive/Рабочий стол/IVS/build/_deps/googletest-src/googletest/src/gtest_main.cc
Note: Google Test filter = NonEmptyGraph.graphDegree
[==========] Running 1 test from 1 test suite.
[----------] Global test environment set-up.
[----------] 1 test from NonEmptyGraph
[ RUN      ] NonEmptyGraph.graphDegree
/mnt/c/Users/madal/OneDrive/Рабочий стол/IVS/tdd_tests.cpp:207: Failure
Expected equality of these values:
  graph.graphDegree()
    Which is: 42
  3
[  FAILED  ] NonEmptyGraph.graphDegree (0 ms)
[----------] 1 test from NonEmptyGraph (0 ms total)

[----------] Global test environment tear-down
[==========] 1 test from 1 test suite ran. (0 ms total)
[  PASSED  ] 0 tests.
[  FAILED  ] 1 test, listed below:
[  FAILED  ] NonEmptyGraph.graphDegree

 1 FAILED TEST
<end of output>
Test time =   0.06 sec
----------------------------------------------------------
Test Failed.
"NonEmptyGraph.graphDegree" end time: Feb 18 16:38 CET
"NonEmptyGraph.graphDegree" time elapsed: 00:00:00
----------------------------------------------------------

38/57 Testing: NonEmptyGraph.coloring
38/57 Test: NonEmptyGraph.coloring
Command: "/mnt/c/Users/madal/OneDrive/Рабочий стол/IVS/build/tdd_test" "--gtest_filter=NonEmptyGraph.coloring" "--gtest_also_run_disabled_tests"
Directory: /mnt/c/Users/madal/OneDrive/Рабочий стол/IVS/build
"NonEmptyGraph.coloring" start time: Feb 18 16:38 CET
Output:
----------------------------------------------------------
Running main() from /mnt/c/Users/madal/OneDrive/Рабочий стол/IVS/build/_deps/googletest-src/googletest/src/gtest_main.cc
Note: Google Test filter = NonEmptyGraph.coloring
[==========] Running 1 test from 1 test suite.
[----------] Global test environment set-up.
[----------] 1 test from NonEmptyGraph
[ RUN      ] NonEmptyGraph.coloring
/mnt/c/Users/madal/OneDrive/Рабочий стол/IVS/tdd_tests.cpp:218: Failure
Value of: *colors.begin() != 0
  Actual: false
Expected: true
[  FAILED  ] NonEmptyGraph.coloring (0 ms)
[----------] 1 test from NonEmptyGraph (0 ms total)

[----------] Global test environment tear-down
[==========] 1 test from 1 test suite ran. (0 ms total)
[  PASSED  ] 0 tests.
[  FAILED  ] 1 test, listed below:
[  FAILED  ] NonEmptyGraph.coloring

 1 FAILED TEST
<end of output>
Test time =   0.08 sec
----------------------------------------------------------
Test Failed.
"NonEmptyGraph.coloring" end time: Feb 18 16:38 CET
"NonEmptyGraph.coloring" time elapsed: 00:00:00
----------------------------------------------------------

39/57 Testing: NonEmptyGraph.clear
39/57 Test: NonEmptyGraph.clear
Command: "/mnt/c/Users/madal/OneDrive/Рабочий стол/IVS/build/tdd_test" "--gtest_filter=NonEmptyGraph.clear" "--gtest_also_run_disabled_tests"
Directory: /mnt/c/Users/madal/OneDrive/Рабочий стол/IVS/build
"NonEmptyGraph.clear" start time: Feb 18 16:38 CET
Output:
----------------------------------------------------------
Running main() from /mnt/c/Users/madal/OneDrive/Рабочий стол/IVS/build/_deps/googletest-src/googletest/src/gtest_main.cc
Note: Google Test filter = NonEmptyGraph.clear
[==========] Running 1 test from 1 test suite.
[----------] Global test environment set-up.
[----------] 1 test from NonEmptyGraph
[ RUN      ] NonEmptyGraph.clear
[       OK ] NonEmptyGraph.clear (0 ms)
[----------] 1 test from NonEmptyGraph (0 ms total)

[----------] Global test environment tear-down
[==========] 1 test from 1 test suite ran. (0 ms total)
[  PASSED  ] 1 test.
<end of output>
Test time =   0.05 sec
----------------------------------------------------------
Test Passed.
"NonEmptyGraph.clear" end time: Feb 18 16:38 CET
"NonEmptyGraph.clear" time elapsed: 00:00:00
----------------------------------------------------------

40/57 Testing: EmptyGraph.nodes
40/57 Test: EmptyGraph.nodes
Command: "/mnt/c/Users/madal/OneDrive/Рабочий стол/IVS/build/tdd_test" "--gtest_filter=EmptyGraph.nodes" "--gtest_also_run_disabled_tests"
Directory: /mnt/c/Users/madal/OneDrive/Рабочий стол/IVS/build
"EmptyGraph.nodes" start time: Feb 18 16:38 CET
Output:
----------------------------------------------------------
Running main() from /mnt/c/Users/madal/OneDrive/Рабочий стол/IVS/build/_deps/googletest-src/googletest/src/gtest_main.cc
Note: Google Test filter = EmptyGraph.nodes
[==========] Running 1 test from 1 test suite.
[----------] Global test environment set-up.
[----------] 1 test from EmptyGraph
[ RUN      ] EmptyGraph.nodes
[       OK ] EmptyGraph.nodes (0 ms)
[----------] 1 test from EmptyGraph (0 ms total)

[----------] Global test environment tear-down
[==========] 1 test from 1 test suite ran. (0 ms total)
[  PASSED  ] 1 test.
<end of output>
Test time =   0.08 sec
----------------------------------------------------------
Test Passed.
"EmptyGraph.nodes" end time: Feb 18 16:38 CET
"EmptyGraph.nodes" time elapsed: 00:00:00
----------------------------------------------------------

41/57 Testing: EmptyGraph.edges
41/57 Test: EmptyGraph.edges
Command: "/mnt/c/Users/madal/OneDrive/Рабочий стол/IVS/build/tdd_test" "--gtest_filter=EmptyGraph.edges" "--gtest_also_run_disabled_tests"
Directory: /mnt/c/Users/madal/OneDrive/Рабочий стол/IVS/build
"EmptyGraph.edges" start time: Feb 18 16:38 CET
Output:
----------------------------------------------------------
Running main() from /mnt/c/Users/madal/OneDrive/Рабочий стол/IVS/build/_deps/googletest-src/googletest/src/gtest_main.cc
Note: Google Test filter = EmptyGraph.edges
[==========] Running 1 test from 1 test suite.
[----------] Global test environment set-up.
[----------] 1 test from EmptyGraph
[ RUN      ] EmptyGraph.edges
[       OK ] EmptyGraph.edges (0 ms)
[----------] 1 test from EmptyGraph (0 ms total)

[----------] Global test environment tear-down
[==========] 1 test from 1 test suite ran. (0 ms total)
[  PASSED  ] 1 test.
<end of output>
Test time =   0.07 sec
----------------------------------------------------------
Test Passed.
"EmptyGraph.edges" end time: Feb 18 16:38 CET
"EmptyGraph.edges" time elapsed: 00:00:00
----------------------------------------------------------

42/57 Testing: EmptyGraph.addNode
42/57 Test: EmptyGraph.addNode
Command: "/mnt/c/Users/madal/OneDrive/Рабочий стол/IVS/build/tdd_test" "--gtest_filter=EmptyGraph.addNode" "--gtest_also_run_disabled_tests"
Directory: /mnt/c/Users/madal/OneDrive/Рабочий стол/IVS/build
"EmptyGraph.addNode" start time: Feb 18 16:38 CET
Output:
----------------------------------------------------------
Running main() from /mnt/c/Users/madal/OneDrive/Рабочий стол/IVS/build/_deps/googletest-src/googletest/src/gtest_main.cc
Note: Google Test filter = EmptyGraph.addNode
[==========] Running 1 test from 1 test suite.
[----------] Global test environment set-up.
[----------] 1 test from EmptyGraph
[ RUN      ] EmptyGraph.addNode
/mnt/c/Users/madal/OneDrive/Рабочий стол/IVS/tdd_tests.cpp:249: Failure
Expected: (node) != (nullptr), actual: NULL vs (nullptr)
[  FAILED  ] EmptyGraph.addNode (0 ms)
[----------] 1 test from EmptyGraph (0 ms total)

[----------] Global test environment tear-down
[==========] 1 test from 1 test suite ran. (0 ms total)
[  PASSED  ] 0 tests.
[  FAILED  ] 1 test, listed below:
[  FAILED  ] EmptyGraph.addNode

 1 FAILED TEST
<end of output>
Test time =   0.07 sec
----------------------------------------------------------
Test Failed.
"EmptyGraph.addNode" end time: Feb 18 16:38 CET
"EmptyGraph.addNode" time elapsed: 00:00:00
----------------------------------------------------------

43/57 Testing: EmptyGraph.addEdge
43/57 Test: EmptyGraph.addEdge
Command: "/mnt/c/Users/madal/OneDrive/Рабочий стол/IVS/build/tdd_test" "--gtest_filter=EmptyGraph.addEdge" "--gtest_also_run_disabled_tests"
Directory: /mnt/c/Users/madal/OneDrive/Рабочий стол/IVS/build
"EmptyGraph.addEdge" start time: Feb 18 16:38 CET
Output:
----------------------------------------------------------
Running main() from /mnt/c/Users/madal/OneDrive/Рабочий стол/IVS/build/_deps/googletest-src/googletest/src/gtest_main.cc
Note: Google Test filter = EmptyGraph.addEdge
[==========] Running 1 test from 1 test suite.
[----------] Global test environment set-up.
[----------] 1 test from EmptyGraph
[ RUN      ] EmptyGraph.addEdge
/mnt/c/Users/madal/OneDrive/Рабочий стол/IVS/tdd_tests.cpp:260: Failure
Value of: graph.addEdge(Edge(1, 4))
  Actual: false
Expected: true
/mnt/c/Users/madal/OneDrive/Рабочий стол/IVS/tdd_tests.cpp:262: Failure
Value of: edges
Expected: has 1 element and that element is equal to {1, 4}
  Actual: {}
[  FAILED  ] EmptyGraph.addEdge (0 ms)
[----------] 1 test from EmptyGraph (0 ms total)

[----------] Global test environment tear-down
[==========] 1 test from 1 test suite ran. (0 ms total)
[  PASSED  ] 0 tests.
[  FAILED  ] 1 test, listed below:
[  FAILED  ] EmptyGraph.addEdge

 1 FAILED TEST
<end of output>
Test time =   0.05 sec
----------------------------------------------------------
Test Failed.
"EmptyGraph.addEdge" end time: Feb 18 16:38 CET
"EmptyGraph.addEdge" time elapsed: 00:00:00
----------------------------------------------------------

44/57 Testing: EmptyGraph.addMultipleEdges
44/57 Test: EmptyGraph.addMultipleEdges
Command: "/mnt/c/Users/madal/OneDrive/Рабочий стол/IVS/build/tdd_test" "--gtest_filter=EmptyGraph.addMultipleEdges" "--gtest_also_run_disabled_tests"
Directory: /mnt/c/Users/madal/OneDrive/Рабочий стол/IVS/build
"EmptyGraph.addMultipleEdges" start time: Feb 18 16:38 CET
Output:
----------------------------------------------------------
Running main() from /mnt/c/Users/madal/OneDrive/Рабочий стол/IVS/build/_deps/googletest-src/googletest/src/gtest_main.cc
Note: Google Test filter = EmptyGraph.addMultipleEdges
[==========] Running 1 test from 1 test suite.
[----------] Global test environment set-up.
[----------] 1 test from EmptyGraph
[ RUN      ] EmptyGraph.addMultipleEdges
/mnt/c/Users/madal/OneDrive/Рабочий стол/IVS/tdd_tests.cpp:277: Failure
Value of: graph.nodes()
Expected: has 5 elements and there exists some permutation of elements such that:
 - element #0 is an object whose given field is equal to 1, and
 - element #1 is an object whose given field is equal to 4, and
 - element #2 is an object whose given field is equal to 5, and
 - element #3 is an object whose given field is equal to 6, and
 - element #4 is an object whose given field is equal to 7
  Actual: {}
/mnt/c/Users/madal/OneDrive/Рабочий стол/IVS/tdd_tests.cpp:283: Failure
Value of: graph.edges()
Expected: has 6 elements and there exists some permutation of elements such that:
 - element #0 is equal to {1, 4}, and
 - element #1 is equal to {1, 5}, and
 - element #2 is equal to {4, 6}, and
 - element #3 is equal to {5, 6}, and
 - element #4 is equal to {5, 7}, and
 - element #5 is equal to {7, 6}
  Actual: {}
[  FAILED  ] EmptyGraph.addMultipleEdges (0 ms)
[----------] 1 test from EmptyGraph (0 ms total)

[----------] Global test environment tear-down
[==========] 1 test from 1 test suite ran. (0 ms total)
[  PASSED  ] 0 tests.
[  FAILED  ] 1 test, listed below:
[  FAILED  ] EmptyGraph.addMultipleEdges

 1 FAILED TEST
<end of output>
Test time =   0.05 sec
----------------------------------------------------------
Test Failed.
"EmptyGraph.addMultipleEdges" end time: Feb 18 16:38 CET
"EmptyGraph.addMultipleEdges" time elapsed: 00:00:00
----------------------------------------------------------

45/57 Testing: EmptyGraph.getNode
45/57 Test: EmptyGraph.getNode
Command: "/mnt/c/Users/madal/OneDrive/Рабочий стол/IVS/build/tdd_test" "--gtest_filter=EmptyGraph.getNode" "--gtest_also_run_disabled_tests"
Directory: /mnt/c/Users/madal/OneDrive/Рабочий стол/IVS/build
"EmptyGraph.getNode" start time: Feb 18 16:38 CET
Output:
----------------------------------------------------------
Running main() from /mnt/c/Users/madal/OneDrive/Рабочий стол/IVS/build/_deps/googletest-src/googletest/src/gtest_main.cc
Note: Google Test filter = EmptyGraph.getNode
[==========] Running 1 test from 1 test suite.
[----------] Global test environment set-up.
[----------] 1 test from EmptyGraph
[ RUN      ] EmptyGraph.getNode
[       OK ] EmptyGraph.getNode (0 ms)
[----------] 1 test from EmptyGraph (0 ms total)

[----------] Global test environment tear-down
[==========] 1 test from 1 test suite ran. (0 ms total)
[  PASSED  ] 1 test.
<end of output>
Test time =   0.05 sec
----------------------------------------------------------
Test Passed.
"EmptyGraph.getNode" end time: Feb 18 16:38 CET
"EmptyGraph.getNode" time elapsed: 00:00:00
----------------------------------------------------------

46/57 Testing: EmptyGraph.containsEdge
46/57 Test: EmptyGraph.containsEdge
Command: "/mnt/c/Users/madal/OneDrive/Рабочий стол/IVS/build/tdd_test" "--gtest_filter=EmptyGraph.containsEdge" "--gtest_also_run_disabled_tests"
Directory: /mnt/c/Users/madal/OneDrive/Рабочий стол/IVS/build
"EmptyGraph.containsEdge" start time: Feb 18 16:38 CET
Output:
----------------------------------------------------------
Running main() from /mnt/c/Users/madal/OneDrive/Рабочий стол/IVS/build/_deps/googletest-src/googletest/src/gtest_main.cc
Note: Google Test filter = EmptyGraph.containsEdge
[==========] Running 1 test from 1 test suite.
[----------] Global test environment set-up.
[----------] 1 test from EmptyGraph
[ RUN      ] EmptyGraph.containsEdge
[       OK ] EmptyGraph.containsEdge (0 ms)
[----------] 1 test from EmptyGraph (0 ms total)

[----------] Global test environment tear-down
[==========] 1 test from 1 test suite ran. (0 ms total)
[  PASSED  ] 1 test.
<end of output>
Test time =   0.05 sec
----------------------------------------------------------
Test Passed.
"EmptyGraph.containsEdge" end time: Feb 18 16:38 CET
"EmptyGraph.containsEdge" time elapsed: 00:00:00
----------------------------------------------------------

47/57 Testing: EmptyGraph.removeNode
47/57 Test: EmptyGraph.removeNode
Command: "/mnt/c/Users/madal/OneDrive/Рабочий стол/IVS/build/tdd_test" "--gtest_filter=EmptyGraph.removeNode" "--gtest_also_run_disabled_tests"
Directory: /mnt/c/Users/madal/OneDrive/Рабочий стол/IVS/build
"EmptyGraph.removeNode" start time: Feb 18 16:38 CET
Output:
----------------------------------------------------------
Running main() from /mnt/c/Users/madal/OneDrive/Рабочий стол/IVS/build/_deps/googletest-src/googletest/src/gtest_main.cc
Note: Google Test filter = EmptyGraph.removeNode
[==========] Running 1 test from 1 test suite.
[----------] Global test environment set-up.
[----------] 1 test from EmptyGraph
[ RUN      ] EmptyGraph.removeNode
/mnt/c/Users/madal/OneDrive/Рабочий стол/IVS/tdd_tests.cpp:296: Failure
Expected: graph.removeNode(1) throws an exception of type std::out_of_range.
  Actual: it throws nothing.
[  FAILED  ] EmptyGraph.removeNode (0 ms)
[----------] 1 test from EmptyGraph (0 ms total)

[----------] Global test environment tear-down
[==========] 1 test from 1 test suite ran. (0 ms total)
[  PASSED  ] 0 tests.
[  FAILED  ] 1 test, listed below:
[  FAILED  ] EmptyGraph.removeNode

 1 FAILED TEST
<end of output>
Test time =   0.07 sec
----------------------------------------------------------
Test Failed.
"EmptyGraph.removeNode" end time: Feb 18 16:38 CET
"EmptyGraph.removeNode" time elapsed: 00:00:00
----------------------------------------------------------

48/57 Testing: EmptyGraph.removeEdge
48/57 Test: EmptyGraph.removeEdge
Command: "/mnt/c/Users/madal/OneDrive/Рабочий стол/IVS/build/tdd_test" "--gtest_filter=EmptyGraph.removeEdge" "--gtest_also_run_disabled_tests"
Directory: /mnt/c/Users/madal/OneDrive/Рабочий стол/IVS/build
"EmptyGraph.removeEdge" start time: Feb 18 16:38 CET
Output:
----------------------------------------------------------
Running main() from /mnt/c/Users/madal/OneDrive/Рабочий стол/IVS/build/_deps/googletest-src/googletest/src/gtest_main.cc
Note: Google Test filter = EmptyGraph.removeEdge
[==========] Running 1 test from 1 test suite.
[----------] Global test environment set-up.
[----------] 1 test from EmptyGraph
[ RUN      ] EmptyGraph.removeEdge
/mnt/c/Users/madal/OneDrive/Рабочий стол/IVS/tdd_tests.cpp:300: Failure
Expected: graph.removeEdge(Edge(1, 4)) throws an exception of type std::out_of_range.
  Actual: it throws nothing.
[  FAILED  ] EmptyGraph.removeEdge (0 ms)
[----------] 1 test from EmptyGraph (0 ms total)

[----------] Global test environment tear-down
[==========] 1 test from 1 test suite ran. (0 ms total)
[  PASSED  ] 0 tests.
[  FAILED  ] 1 test, listed below:
[  FAILED  ] EmptyGraph.removeEdge

 1 FAILED TEST
<end of output>
Test time =   0.08 sec
----------------------------------------------------------
Test Failed.
"EmptyGraph.removeEdge" end time: Feb 18 16:38 CET
"EmptyGraph.removeEdge" time elapsed: 00:00:00
----------------------------------------------------------

49/57 Testing: EmptyGraph.nodeCount
49/57 Test: EmptyGraph.nodeCount
Command: "/mnt/c/Users/madal/OneDrive/Рабочий стол/IVS/build/tdd_test" "--gtest_filter=EmptyGraph.nodeCount" "--gtest_also_run_disabled_tests"
Directory: /mnt/c/Users/madal/OneDrive/Рабочий стол/IVS/build
"EmptyGraph.nodeCount" start time: Feb 18 16:38 CET
Output:
----------------------------------------------------------
Running main() from /mnt/c/Users/madal/OneDrive/Рабочий стол/IVS/build/_deps/googletest-src/googletest/src/gtest_main.cc
Note: Google Test filter = EmptyGraph.nodeCount
[==========] Running 1 test from 1 test suite.
[----------] Global test environment set-up.
[----------] 1 test from EmptyGraph
[ RUN      ] EmptyGraph.nodeCount
/mnt/c/Users/madal/OneDrive/Рабочий стол/IVS/tdd_tests.cpp:304: Failure
Expected equality of these values:
  graph.nodeCount()
    Which is: 42
  0
[  FAILED  ] EmptyGraph.nodeCount (0 ms)
[----------] 1 test from EmptyGraph (0 ms total)

[----------] Global test environment tear-down
[==========] 1 test from 1 test suite ran. (0 ms total)
[  PASSED  ] 0 tests.
[  FAILED  ] 1 test, listed below:
[  FAILED  ] EmptyGraph.nodeCount

 1 FAILED TEST
<end of output>
Test time =   0.05 sec
----------------------------------------------------------
Test Failed.
"EmptyGraph.nodeCount" end time: Feb 18 16:38 CET
"EmptyGraph.nodeCount" time elapsed: 00:00:00
----------------------------------------------------------

50/57 Testing: EmptyGraph.edgeCount
50/57 Test: EmptyGraph.edgeCount
Command: "/mnt/c/Users/madal/OneDrive/Рабочий стол/IVS/build/tdd_test" "--gtest_filter=EmptyGraph.edgeCount" "--gtest_also_run_disabled_tests"
Directory: /mnt/c/Users/madal/OneDrive/Рабочий стол/IVS/build
"EmptyGraph.edgeCount" start time: Feb 18 16:38 CET
Output:
----------------------------------------------------------
Running main() from /mnt/c/Users/madal/OneDrive/Рабочий стол/IVS/build/_deps/googletest-src/googletest/src/gtest_main.cc
Note: Google Test filter = EmptyGraph.edgeCount
[==========] Running 1 test from 1 test suite.
[----------] Global test environment set-up.
[----------] 1 test from EmptyGraph
[ RUN      ] EmptyGraph.edgeCount
/mnt/c/Users/madal/OneDrive/Рабочий стол/IVS/tdd_tests.cpp:308: Failure
Expected equality of these values:
  graph.edgeCount()
    Which is: 42
  0
[  FAILED  ] EmptyGraph.edgeCount (0 ms)
[----------] 1 test from EmptyGraph (0 ms total)

[----------] Global test environment tear-down
[==========] 1 test from 1 test suite ran. (0 ms total)
[  PASSED  ] 0 tests.
[  FAILED  ] 1 test, listed below:
[  FAILED  ] EmptyGraph.edgeCount

 1 FAILED TEST
<end of output>
Test time =   0.07 sec
----------------------------------------------------------
Test Failed.
"EmptyGraph.edgeCount" end time: Feb 18 16:38 CET
"EmptyGraph.edgeCount" time elapsed: 00:00:00
----------------------------------------------------------

51/57 Testing: EmptyGraph.nodeDegree
51/57 Test: EmptyGraph.nodeDegree
Command: "/mnt/c/Users/madal/OneDrive/Рабочий стол/IVS/build/tdd_test" "--gtest_filter=EmptyGraph.nodeDegree" "--gtest_also_run_disabled_tests"
Directory: /mnt/c/Users/madal/OneDrive/Рабочий стол/IVS/build
"EmptyGraph.nodeDegree" start time: Feb 18 16:38 CET
Output:
----------------------------------------------------------
Running main() from /mnt/c/Users/madal/OneDrive/Рабочий стол/IVS/build/_deps/googletest-src/googletest/src/gtest_main.cc
Note: Google Test filter = EmptyGraph.nodeDegree
[==========] Running 1 test from 1 test suite.
[----------] Global test environment set-up.
[----------] 1 test from EmptyGraph
[ RUN      ] EmptyGraph.nodeDegree
/mnt/c/Users/madal/OneDrive/Рабочий стол/IVS/tdd_tests.cpp:312: Failure
Expected: graph.nodeDegree(1) throws an exception of type std::out_of_range.
  Actual: it throws nothing.
[  FAILED  ] EmptyGraph.nodeDegree (0 ms)
[----------] 1 test from EmptyGraph (0 ms total)

[----------] Global test environment tear-down
[==========] 1 test from 1 test suite ran. (0 ms total)
[  PASSED  ] 0 tests.
[  FAILED  ] 1 test, listed below:
[  FAILED  ] EmptyGraph.nodeDegree

 1 FAILED TEST
<end of output>
Test time =   0.05 sec
----------------------------------------------------------
Test Failed.
"EmptyGraph.nodeDegree" end time: Feb 18 16:38 CET
"EmptyGraph.nodeDegree" time elapsed: 00:00:00
----------------------------------------------------------

52/57 Testing: EmptyGraph.graphDegree
52/57 Test: EmptyGraph.graphDegree
Command: "/mnt/c/Users/madal/OneDrive/Рабочий стол/IVS/build/tdd_test" "--gtest_filter=EmptyGraph.graphDegree" "--gtest_also_run_disabled_tests"
Directory: /mnt/c/Users/madal/OneDrive/Рабочий стол/IVS/build
"EmptyGraph.graphDegree" start time: Feb 18 16:38 CET
Output:
----------------------------------------------------------
Running main() from /mnt/c/Users/madal/OneDrive/Рабочий стол/IVS/build/_deps/googletest-src/googletest/src/gtest_main.cc
Note: Google Test filter = EmptyGraph.graphDegree
[==========] Running 1 test from 1 test suite.
[----------] Global test environment set-up.
[----------] 1 test from EmptyGraph
[ RUN      ] EmptyGraph.graphDegree
/mnt/c/Users/madal/OneDrive/Рабочий стол/IVS/tdd_tests.cpp:316: Failure
Expected equality of these values:
  graph.graphDegree()
    Which is: 42
  0
[  FAILED  ] EmptyGraph.graphDegree (0 ms)
[----------] 1 test from EmptyGraph (0 ms total)

[----------] Global test environment tear-down
[==========] 1 test from 1 test suite ran. (0 ms total)
[  PASSED  ] 0 tests.
[  FAILED  ] 1 test, listed below:
[  FAILED  ] EmptyGraph.graphDegree

 1 FAILED TEST
<end of output>
Test time =   0.06 sec
----------------------------------------------------------
Test Failed.
"EmptyGraph.graphDegree" end time: Feb 18 16:38 CET
"EmptyGraph.graphDegree" time elapsed: 00:00:00
----------------------------------------------------------

53/57 Testing: EmptyGraph.coloring
53/57 Test: EmptyGraph.coloring
Command: "/mnt/c/Users/madal/OneDrive/Рабочий стол/IVS/build/tdd_test" "--gtest_filter=EmptyGraph.coloring" "--gtest_also_run_disabled_tests"
Directory: /mnt/c/Users/madal/OneDrive/Рабочий стол/IVS/build
"EmptyGraph.coloring" start time: Feb 18 16:38 CET
Output:
----------------------------------------------------------
Running main() from /mnt/c/Users/madal/OneDrive/Рабочий стол/IVS/build/_deps/googletest-src/googletest/src/gtest_main.cc
Note: Google Test filter = EmptyGraph.coloring
[==========] Running 1 test from 1 test suite.
[----------] Global test environment set-up.
[----------] 1 test from EmptyGraph
[ RUN      ] EmptyGraph.coloring
[       OK ] EmptyGraph.coloring (0 ms)
[----------] 1 test from EmptyGraph (0 ms total)

[----------] Global test environment tear-down
[==========] 1 test from 1 test suite ran. (0 ms total)
[  PASSED  ] 1 test.
<end of output>
Test time =   0.07 sec
----------------------------------------------------------
Test Passed.
"EmptyGraph.coloring" end time: Feb 18 16:38 CET
"EmptyGraph.coloring" time elapsed: 00:00:00
----------------------------------------------------------

54/57 Testing: EmptyGraph.clear
54/57 Test: EmptyGraph.clear
Command: "/mnt/c/Users/madal/OneDrive/Рабочий стол/IVS/build/tdd_test" "--gtest_filter=EmptyGraph.clear" "--gtest_also_run_disabled_tests"
Directory: /mnt/c/Users/madal/OneDrive/Рабочий стол/IVS/build
"EmptyGraph.clear" start time: Feb 18 16:38 CET
Output:
----------------------------------------------------------
Running main() from /mnt/c/Users/madal/OneDrive/Рабочий стол/IVS/build/_deps/googletest-src/googletest/src/gtest_main.cc
Note: Google Test filter = EmptyGraph.clear
[==========] Running 1 test from 1 test suite.
[----------] Global test environment set-up.
[----------] 1 test from EmptyGraph
[ RUN      ] EmptyGraph.clear
[       OK ] EmptyGraph.clear (0 ms)
[----------] 1 test from EmptyGraph (0 ms total)

[----------] Global test environment tear-down
[==========] 1 test from 1 test suite ran. (0 ms total)
[  PASSED  ] 1 test.
<end of output>
Test time =   0.07 sec
----------------------------------------------------------
Test Passed.
"EmptyGraph.clear" end time: Feb 18 16:38 CET
"EmptyGraph.clear" time elapsed: 00:00:00
----------------------------------------------------------

55/57 Testing: Edges.equal
55/57 Test: Edges.equal
Command: "/mnt/c/Users/madal/OneDrive/Рабочий стол/IVS/build/tdd_test" "--gtest_filter=Edges.equal" "--gtest_also_run_disabled_tests"
Directory: /mnt/c/Users/madal/OneDrive/Рабочий стол/IVS/build
"Edges.equal" start time: Feb 18 16:38 CET
Output:
----------------------------------------------------------
Running main() from /mnt/c/Users/madal/OneDrive/Рабочий стол/IVS/build/_deps/googletest-src/googletest/src/gtest_main.cc
Note: Google Test filter = Edges.equal
[==========] Running 1 test from 1 test suite.
[----------] Global test environment set-up.
[----------] 1 test from Edges
[ RUN      ] Edges.equal
[       OK ] Edges.equal (0 ms)
[----------] 1 test from Edges (0 ms total)

[----------] Global test environment tear-down
[==========] 1 test from 1 test suite ran. (0 ms total)
[  PASSED  ] 1 test.
<end of output>
Test time =   0.06 sec
----------------------------------------------------------
Test Passed.
"Edges.equal" end time: Feb 18 16:38 CET
"Edges.equal" time elapsed: 00:00:00
----------------------------------------------------------

56/57 Testing: Edges.nonEqual
56/57 Test: Edges.nonEqual
Command: "/mnt/c/Users/madal/OneDrive/Рабочий стол/IVS/build/tdd_test" "--gtest_filter=Edges.nonEqual" "--gtest_also_run_disabled_tests"
Directory: /mnt/c/Users/madal/OneDrive/Рабочий стол/IVS/build
"Edges.nonEqual" start time: Feb 18 16:38 CET
Output:
----------------------------------------------------------
Running main() from /mnt/c/Users/madal/OneDrive/Рабочий стол/IVS/build/_deps/googletest-src/googletest/src/gtest_main.cc
Note: Google Test filter = Edges.nonEqual
[==========] Running 1 test from 1 test suite.
[----------] Global test environment set-up.
[----------] 1 test from Edges
[ RUN      ] Edges.nonEqual
[       OK ] Edges.nonEqual (0 ms)
[----------] 1 test from Edges (0 ms total)

[----------] Global test environment tear-down
[==========] 1 test from 1 test suite ran. (0 ms total)
[  PASSED  ] 1 test.
<end of output>
Test time =   0.07 sec
----------------------------------------------------------
Test Passed.
"Edges.nonEqual" end time: Feb 18 16:38 CET
"Edges.nonEqual" time elapsed: 00:00:00
----------------------------------------------------------

57/57 Testing: Edges.toStringStream
57/57 Test: Edges.toStringStream
Command: "/mnt/c/Users/madal/OneDrive/Рабочий стол/IVS/build/tdd_test" "--gtest_filter=Edges.toStringStream" "--gtest_also_run_disabled_tests"
Directory: /mnt/c/Users/madal/OneDrive/Рабочий стол/IVS/build
"Edges.toStringStream" start time: Feb 18 16:38 CET
Output:
----------------------------------------------------------
Running main() from /mnt/c/Users/madal/OneDrive/Рабочий стол/IVS/build/_deps/googletest-src/googletest/src/gtest_main.cc
Note: Google Test filter = Edges.toStringStream
[==========] Running 1 test from 1 test suite.
[----------] Global test environment set-up.
[----------] 1 test from Edges
[ RUN      ] Edges.toStringStream
[       OK ] Edges.toStringStream (0 ms)
[----------] 1 test from Edges (0 ms total)

[----------] Global test environment tear-down
[==========] 1 test from 1 test suite ran. (0 ms total)
[  PASSED  ] 1 test.
<end of output>
Test time =   0.07 sec
----------------------------------------------------------
Test Passed.
"Edges.toStringStream" end time: Feb 18 16:38 CET
"Edges.toStringStream" time elapsed: 00:00:00
----------------------------------------------------------

End testing: Feb 18 16:38 CET
